  [4;36;1mSQL (0.9ms)[0m   [0;1m SELECT name
 FROM sqlite_master
 WHERE type = 'table' AND NOT name = 'sqlite_sequence'
[0m
  [4;35;1mSQL (0.3ms)[0m   [0mselect sqlite_version(*)[0m
  [4;36;1mSQL (8.7ms)[0m   [0;1mCREATE TABLE "schema_migrations" ("version" varchar(255) NOT NULL) [0m
  [4;35;1mSQL (3.8ms)[0m   [0mCREATE UNIQUE INDEX "unique_schema_migrations" ON "schema_migrations" ("version")[0m
  [4;36;1mSQL (0.3ms)[0m   [0;1m SELECT name
 FROM sqlite_master
 WHERE type = 'table' AND NOT name = 'sqlite_sequence'
[0m
  [4;35;1mSQL (0.2ms)[0m   [0mSELECT version FROM schema_migrations[0m
Migrating to CreateOptions (20101202134028)
  [4;36;1mSQL (1.3ms)[0m   [0;1mCREATE TABLE "options" ("id" INTEGER PRIMARY KEY AUTOINCREMENT NOT NULL, "name" varchar(255), "category_id" integer, "created_at" datetime, "updated_at" datetime) [0m
  [4;36;1mSQL (0.4ms)[0m   [0;1m SELECT name
 FROM sqlite_master
 WHERE type = 'table' AND NOT name = 'sqlite_sequence'
[0m
  [4;35;1mSQL (0.1ms)[0m   [0mSELECT version FROM schema_migrations[0m
Migrating to CreateOptions (20101202134028)
  [4;36;1mSQL (0.1ms)[0m   [0;1mselect sqlite_version(*)[0m
  [4;35;1mSQL (0.7ms)[0m   [0mCREATE TABLE "options" ("id" INTEGER PRIMARY KEY AUTOINCREMENT NOT NULL, "name" varchar(255), "category_id" integer, "created_at" datetime, "updated_at" datetime) [0m
  [4;36;1mSQL (0.1ms)[0m   [0;1mCREATE INDEX "index_options_on_category_id" ON "options" ("category_id")[0m
  [4;35;1mSQL (0.1ms)[0m   [0mINSERT INTO schema_migrations (version) VALUES ('20101202134028')[0m
  [4;36;1mSQL (0.3ms)[0m   [0;1m SELECT name
 FROM sqlite_master
 WHERE type = 'table' AND NOT name = 'sqlite_sequence'
[0m
  [4;35;1mSQL (0.1ms)[0m   [0mSELECT version FROM schema_migrations[0m
  [4;36;1mSQL (0.1ms)[0m   [0;1m SELECT name
 FROM sqlite_master
 WHERE type = 'table' AND NOT name = 'sqlite_sequence'
[0m
  [4;35;1mSQL (0.1ms)[0m   [0mPRAGMA index_list("options")[0m
  [4;36;1mSQL (0.1ms)[0m   [0;1mPRAGMA index_info('index_options_on_category_id')[0m
  [4;36;1mSQL (0.4ms)[0m   [0;1m SELECT name
 FROM sqlite_master
 WHERE type = 'table' AND NOT name = 'sqlite_sequence'
[0m
  [4;35;1mSQL (0.1ms)[0m   [0mSELECT version FROM schema_migrations[0m
Migrating to CreateOptions (20101202134028)
Migrating to CreateCategories (20101202134401)
  [4;36;1mSQL (0.1ms)[0m   [0;1mselect sqlite_version(*)[0m
  [4;35;1mSQL (0.6ms)[0m   [0mCREATE TABLE "categories" ("id" INTEGER PRIMARY KEY AUTOINCREMENT NOT NULL, "name" varchar(255), "description" text, "parent_category" integer, "created_at" datetime, "updated_at" datetime) [0m
  [4;36;1mSQL (0.1ms)[0m   [0;1mCREATE INDEX "index_categories_on_parent_category" ON "categories" ("parent_category")[0m
  [4;35;1mSQL (0.1ms)[0m   [0mINSERT INTO schema_migrations (version) VALUES ('20101202134401')[0m
  [4;36;1mSQL (0.3ms)[0m   [0;1m SELECT name
 FROM sqlite_master
 WHERE type = 'table' AND NOT name = 'sqlite_sequence'
[0m
  [4;35;1mSQL (0.1ms)[0m   [0mSELECT version FROM schema_migrations[0m
  [4;36;1mSQL (0.3ms)[0m   [0;1m SELECT name
 FROM sqlite_master
 WHERE type = 'table' AND NOT name = 'sqlite_sequence'
[0m
  [4;35;1mSQL (0.1ms)[0m   [0mPRAGMA index_list("categories")[0m
  [4;36;1mSQL (0.1ms)[0m   [0;1mPRAGMA index_info('index_categories_on_parent_category')[0m
  [4;35;1mSQL (0.1ms)[0m   [0mPRAGMA index_list("options")[0m
  [4;36;1mSQL (0.1ms)[0m   [0;1mPRAGMA index_info('index_options_on_category_id')[0m
  [4;36;1mCategory Load (0.4ms)[0m   [0;1mSELECT * FROM "categories" [0m
  [4;35;1mCategory Create (0.7ms)[0m   [0mINSERT INTO "categories" ("name", "created_at", "updated_at", "description", "parent_category") VALUES('wurst', '2010-12-02 13:45:26', '2010-12-02 13:45:26', NULL, NULL)[0m
  [4;36;1mCategory Load (0.7ms)[0m   [0;1mSELECT * FROM "categories" [0m
  [4;35;1mCategory Delete all (3.3ms)[0m   [0mDELETE FROM "categories" WHERE 1=1[0m
  [4;36;1mSQL (0.5ms)[0m   [0;1m SELECT name
 FROM sqlite_master
 WHERE type = 'table' AND NOT name = 'sqlite_sequence'
[0m
  [4;35;1mSQL (0.1ms)[0m   [0mSELECT version FROM schema_migrations[0m
Migrating to CreateOptions (20101202134028)
Migrating to CreateCategories (20101202134401)
Migrating to AddAttributesToOptions (20101202134616)
  [4;36;1mSQL (0.1ms)[0m   [0;1mselect sqlite_version(*)[0m
  [4;35;1mSQL (0.6ms)[0m   [0mALTER TABLE "options" ADD "image_url" varchar(255)[0m
  [4;36;1mSQL (0.5ms)[0m   [0;1m SELECT name
 FROM sqlite_master
 WHERE type = 'table' AND NOT name = 'sqlite_sequence'
[0m
  [4;35;1mSQL (0.1ms)[0m   [0mSELECT version FROM schema_migrations[0m
Migrating to CreateOptions (20101202134028)
Migrating to CreateCategories (20101202134401)
Migrating to AddAttributesToOptions (20101202134616)
  [4;36;1mSQL (0.1ms)[0m   [0;1mselect sqlite_version(*)[0m
  [4;35;1mSQL (0.6ms)[0m   [0mALTER TABLE "options" ADD "image_url" varchar(255)[0m
  [4;36;1mSQL (0.2ms)[0m   [0;1mALTER TABLE "options" ADD "description" text[0m
  [4;35;1mSQL (0.1ms)[0m   [0mINSERT INTO schema_migrations (version) VALUES ('20101202134616')[0m
  [4;36;1mSQL (0.3ms)[0m   [0;1m SELECT name
 FROM sqlite_master
 WHERE type = 'table' AND NOT name = 'sqlite_sequence'
[0m
  [4;35;1mSQL (0.2ms)[0m   [0mSELECT version FROM schema_migrations[0m
  [4;36;1mSQL (0.5ms)[0m   [0;1m SELECT name
 FROM sqlite_master
 WHERE type = 'table' AND NOT name = 'sqlite_sequence'
[0m
  [4;35;1mSQL (0.1ms)[0m   [0mPRAGMA index_list("categories")[0m
  [4;36;1mSQL (0.1ms)[0m   [0;1mPRAGMA index_info('index_categories_on_parent_category')[0m
  [4;35;1mSQL (0.1ms)[0m   [0mPRAGMA index_list("options")[0m
  [4;36;1mSQL (0.1ms)[0m   [0;1mPRAGMA index_info('index_options_on_category_id')[0m
  [4;36;1mSQL (0.5ms)[0m   [0;1m SELECT name
 FROM sqlite_master
 WHERE type = 'table' AND NOT name = 'sqlite_sequence'
[0m
  [4;35;1mSQL (0.2ms)[0m   [0mSELECT version FROM schema_migrations[0m
Migrating to CreateOptions (20101202134028)
Migrating to CreateCategories (20101202134401)
Migrating to AddAttributesToOptions (20101202134616)
Migrating to AddArticleIdToOptions (20101202135336)
  [4;36;1mSQL (0.1ms)[0m   [0;1mselect sqlite_version(*)[0m
  [4;35;1mSQL (0.6ms)[0m   [0mALTER TABLE "options" ADD "article_id" varchar(255)[0m
  [4;36;1mSQL (0.1ms)[0m   [0;1mINSERT INTO schema_migrations (version) VALUES ('20101202135336')[0m
  [4;35;1mSQL (0.2ms)[0m   [0m SELECT name
 FROM sqlite_master
 WHERE type = 'table' AND NOT name = 'sqlite_sequence'
[0m
  [4;36;1mSQL (0.2ms)[0m   [0;1mSELECT version FROM schema_migrations[0m
  [4;35;1mSQL (0.2ms)[0m   [0m SELECT name
 FROM sqlite_master
 WHERE type = 'table' AND NOT name = 'sqlite_sequence'
[0m
  [4;36;1mSQL (0.1ms)[0m   [0;1mPRAGMA index_list("categories")[0m
  [4;35;1mSQL (0.1ms)[0m   [0mPRAGMA index_info('index_categories_on_parent_category')[0m
  [4;36;1mSQL (0.1ms)[0m   [0;1mPRAGMA index_list("options")[0m
  [4;35;1mSQL (0.1ms)[0m   [0mPRAGMA index_info('index_options_on_category_id')[0m


Processing OptionsController#index (for 127.0.0.1 at 2010-12-02 15:07:37) [GET]
  [4;36;1mOption Load (0.5ms)[0m   [0;1mSELECT * FROM "options" [0m
Rendering template within layouts/options
Rendering options/index
Completed in 65ms (View: 58, DB: 0) | 200 OK [http://localhost/options]


Processing OptionsController#new (for 127.0.0.1 at 2010-12-02 15:07:40) [GET]
Rendering template within layouts/options
Rendering options/new
Completed in 14ms (View: 9, DB: 0) | 200 OK [http://localhost/options/new]
  [4;36;1mSQL (0.5ms)[0m   [0;1m SELECT name
 FROM sqlite_master
 WHERE type = 'table' AND NOT name = 'sqlite_sequence'
[0m
  [4;35;1mSQL (0.2ms)[0m   [0mSELECT version FROM schema_migrations[0m
Migrating to CreateOptions (20101202134028)
Migrating to CreateCategories (20101202134401)
Migrating to AddAttributesToOptions (20101202134616)
Migrating to AddArticleIdToOptions (20101202135336)
Migrating to AddWorkflowIdToCategories (20101202142626)
  [4;36;1mSQL (0.1ms)[0m   [0;1mselect sqlite_version(*)[0m
  [4;35;1mSQL (0.4ms)[0m   [0mALTER TABLE "categories" ADD "workflow_id" varchar(255)[0m
  [4;36;1mSQL (0.1ms)[0m   [0;1mINSERT INTO schema_migrations (version) VALUES ('20101202142626')[0m
  [4;35;1mSQL (0.3ms)[0m   [0m SELECT name
 FROM sqlite_master
 WHERE type = 'table' AND NOT name = 'sqlite_sequence'
[0m
  [4;36;1mSQL (0.3ms)[0m   [0;1mSELECT version FROM schema_migrations[0m
  [4;35;1mSQL (0.2ms)[0m   [0m SELECT name
 FROM sqlite_master
 WHERE type = 'table' AND NOT name = 'sqlite_sequence'
[0m
  [4;36;1mSQL (0.2ms)[0m   [0;1mPRAGMA index_list("categories")[0m
  [4;35;1mSQL (0.1ms)[0m   [0mPRAGMA index_info('index_categories_on_parent_category')[0m
  [4;36;1mSQL (0.1ms)[0m   [0;1mPRAGMA index_list("options")[0m
  [4;35;1mSQL (0.1ms)[0m   [0mPRAGMA index_info('index_options_on_category_id')[0m


Processing OptionsController#index (for 127.0.0.1 at 2010-12-02 15:31:20) [GET]
  [4;36;1mOption Load (0.5ms)[0m   [0;1mSELECT * FROM "options" [0m
Rendering template within layouts/options
Rendering options/index
Completed in 63ms (View: 56, DB: 0) | 200 OK [http://localhost/options]


Processing OptionsController#index (for 127.0.0.1 at 2010-12-02 15:32:17) [GET]
  [4;36;1mOption Load (0.5ms)[0m   [0;1mSELECT * FROM "options" [0m
Rendering template within layouts/options
Rendering options/index
Completed in 63ms (View: 56, DB: 0) | 200 OK [http://localhost/options]


Processing CategoriesController#index (for 127.0.0.1 at 2010-12-02 15:32:20) [GET]
  [4;35;1mCategory Load (0.3ms)[0m   [0mSELECT * FROM "categories" [0m
Rendering template within layouts/categories
Rendering categories/index
Completed in 15ms (View: 7, DB: 0) | 200 OK [http://localhost/categories]


Processing CategoriesController#new (for 127.0.0.1 at 2010-12-02 15:32:21) [GET]
Rendering template within layouts/categories
Rendering categories/new
Completed in 14ms (View: 9, DB: 0) | 200 OK [http://localhost/categories/new]


Processing CategoriesController#create (for 127.0.0.1 at 2010-12-02 15:32:57) [POST]
  Parameters: {"category"=>{"name"=>"Modell", "workflow_id"=>"modell", "description"=>""}, "commit"=>"Create", "authenticity_token"=>"s1fbtBud0TmatA37pgLaLFKoQGXaL//stguWkU2PAYo="}
  [4;36;1mCategory Create (18.8ms)[0m   [0;1mINSERT INTO "categories" ("name", "created_at", "updated_at", "workflow_id", "description", "parent_category") VALUES('Modell', '2010-12-02 14:32:57', '2010-12-02 14:32:57', 'modell', '', NULL)[0m
Redirected to http://localhost:3000/categories/2
Completed in 48ms (DB: 19) | 302 Found [http://localhost/categories]


Processing CategoriesController#show (for 127.0.0.1 at 2010-12-02 15:32:57) [GET]
  Parameters: {"id"=>"2"}
  [4;35;1mCategory Load (0.2ms)[0m   [0mSELECT * FROM "categories" WHERE ("categories"."id" = 2) [0m
Rendering template within layouts/categories
Rendering categories/show
Completed in 57ms (View: 6, DB: 0) | 200 OK [http://localhost/categories/2]


Processing CategoriesController#index (for 127.0.0.1 at 2010-12-02 15:33:00) [GET]
  [4;36;1mCategory Load (0.5ms)[0m   [0;1mSELECT * FROM "categories" [0m
Rendering template within layouts/categories
Rendering categories/index
Completed in 11ms (View: 6, DB: 0) | 200 OK [http://localhost/categories]


Processing CategoriesController#new (for 127.0.0.1 at 2010-12-02 15:33:01) [GET]
Rendering template within layouts/categories
Rendering categories/new
Completed in 9ms (View: 4, DB: 0) | 200 OK [http://localhost/categories/new]


Processing CategoriesController#create (for 127.0.0.1 at 2010-12-02 15:33:17) [POST]
  Parameters: {"category"=>{"name"=>"Karosserie", "workflow_id"=>"karosserie", "description"=>""}, "commit"=>"Create", "authenticity_token"=>"s1fbtBud0TmatA37pgLaLFKoQGXaL//stguWkU2PAYo="}
  [4;35;1mCategory Create (0.3ms)[0m   [0mINSERT INTO "categories" ("name", "created_at", "updated_at", "workflow_id", "description", "parent_category") VALUES('Karosserie', '2010-12-02 14:33:17', '2010-12-02 14:33:17', 'karosserie', '', NULL)[0m
Redirected to http://localhost:3000/categories/3
Completed in 13ms (DB: 0) | 302 Found [http://localhost/categories]


Processing CategoriesController#show (for 127.0.0.1 at 2010-12-02 15:33:18) [GET]
  Parameters: {"id"=>"3"}
  [4;36;1mCategory Load (0.2ms)[0m   [0;1mSELECT * FROM "categories" WHERE ("categories"."id" = 3) [0m
Rendering template within layouts/categories
Rendering categories/show
Completed in 8ms (View: 3, DB: 0) | 200 OK [http://localhost/categories/3]


Processing CategoriesController#index (for 127.0.0.1 at 2010-12-02 15:33:18) [GET]
  [4;35;1mCategory Load (0.5ms)[0m   [0mSELECT * FROM "categories" [0m
Rendering template within layouts/categories
Rendering categories/index
Completed in 56ms (View: 52, DB: 0) | 200 OK [http://localhost/categories]


Processing CategoriesController#new (for 127.0.0.1 at 2010-12-02 15:33:19) [GET]
Rendering template within layouts/categories
Rendering categories/new
Completed in 10ms (View: 5, DB: 0) | 200 OK [http://localhost/categories/new]


Processing CategoriesController#create (for 127.0.0.1 at 2010-12-02 15:33:28) [POST]
  Parameters: {"category"=>{"name"=>"Motor", "workflow_id"=>"motor", "description"=>""}, "commit"=>"Create", "authenticity_token"=>"s1fbtBud0TmatA37pgLaLFKoQGXaL//stguWkU2PAYo="}
  [4;36;1mCategory Create (0.2ms)[0m   [0;1mINSERT INTO "categories" ("name", "created_at", "updated_at", "workflow_id", "description", "parent_category") VALUES('Motor', '2010-12-02 14:33:28', '2010-12-02 14:33:28', 'motor', '', NULL)[0m
Redirected to http://localhost:3000/categories/4
Completed in 13ms (DB: 0) | 302 Found [http://localhost/categories]


Processing CategoriesController#show (for 127.0.0.1 at 2010-12-02 15:33:28) [GET]
  Parameters: {"id"=>"4"}
  [4;35;1mCategory Load (0.2ms)[0m   [0mSELECT * FROM "categories" WHERE ("categories"."id" = 4) [0m
Rendering template within layouts/categories
Rendering categories/show
Completed in 8ms (View: 2, DB: 0) | 200 OK [http://localhost/categories/4]


Processing CategoriesController#index (for 127.0.0.1 at 2010-12-02 15:33:29) [GET]
  [4;36;1mCategory Load (0.6ms)[0m   [0;1mSELECT * FROM "categories" [0m
Rendering template within layouts/categories
Rendering categories/index
Completed in 14ms (View: 10, DB: 1) | 200 OK [http://localhost/categories]


Processing CategoriesController#new (for 127.0.0.1 at 2010-12-02 15:33:30) [GET]
Rendering template within layouts/categories
Rendering categories/new
Completed in 9ms (View: 4, DB: 0) | 200 OK [http://localhost/categories/new]


Processing OptionsController#index (for 127.0.0.1 at 2010-12-02 15:33:39) [GET]
  [4;35;1mOption Load (0.4ms)[0m   [0mSELECT * FROM "options" [0m
Rendering template within layouts/options
Rendering options/index
Completed in 6ms (View: 1, DB: 0) | 200 OK [http://localhost/options]


Processing CategoriesController#index (for 127.0.0.1 at 2010-12-02 15:34:15) [GET]
  [4;36;1mCategory Load (0.6ms)[0m   [0;1mSELECT * FROM "categories" [0m
Rendering template within layouts/categories
Rendering categories/index
Completed in 19ms (View: 14, DB: 1) | 200 OK [http://localhost/categories]


Processing OptionsController#new (for 127.0.0.1 at 2010-12-02 15:34:21) [GET]
Rendering template within layouts/options
Rendering options/new
Completed in 13ms (View: 9, DB: 0) | 200 OK [http://localhost/options/new]


Processing OptionsController#create (for 127.0.0.1 at 2010-12-02 15:34:45) [POST]
  Parameters: {"option"=>{"name"=>"Yaris", "image_url"=>"", "category_id"=>"2", "article_id"=>"yaris", "description"=>""}, "commit"=>"Create", "authenticity_token"=>"s1fbtBud0TmatA37pgLaLFKoQGXaL//stguWkU2PAYo="}
  [4;35;1mOption Create (0.2ms)[0m   [0mINSERT INTO "options" ("name", "created_at", "image_url", "updated_at", "category_id", "article_id", "description") VALUES('Yaris', '2010-12-02 14:34:45', '', '2010-12-02 14:34:45', 2, 'yaris', '')[0m
Redirected to http://localhost:3000/options/1
Completed in 12ms (DB: 0) | 302 Found [http://localhost/options]


Processing OptionsController#show (for 127.0.0.1 at 2010-12-02 15:34:45) [GET]
  Parameters: {"id"=>"1"}
  [4;36;1mOption Load (0.2ms)[0m   [0;1mSELECT * FROM "options" WHERE ("options"."id" = 1) [0m
Rendering template within layouts/options
Rendering options/show
Completed in 11ms (View: 6, DB: 0) | 200 OK [http://localhost/options/1]


Processing OptionsController#index (for 127.0.0.1 at 2010-12-02 15:34:47) [GET]
  [4;35;1mOption Load (0.5ms)[0m   [0mSELECT * FROM "options" [0m
Rendering template within layouts/options
Rendering options/index
Completed in 11ms (View: 6, DB: 1) | 200 OK [http://localhost/options]


Processing OptionsController#new (for 127.0.0.1 at 2010-12-02 15:34:48) [GET]
Rendering template within layouts/options
Rendering options/new
Completed in 10ms (View: 5, DB: 0) | 200 OK [http://localhost/options/new]


Processing OptionsController#create (for 127.0.0.1 at 2010-12-02 15:34:59) [POST]
  Parameters: {"option"=>{"name"=>"AYGO", "image_url"=>"", "category_id"=>"2", "article_id"=>"aygo", "description"=>""}, "commit"=>"Create", "authenticity_token"=>"s1fbtBud0TmatA37pgLaLFKoQGXaL//stguWkU2PAYo="}
  [4;36;1mOption Create (0.2ms)[0m   [0;1mINSERT INTO "options" ("name", "created_at", "image_url", "updated_at", "category_id", "article_id", "description") VALUES('AYGO', '2010-12-02 14:34:59', '', '2010-12-02 14:34:59', 2, 'aygo', '')[0m
Redirected to http://localhost:3000/options/2
Completed in 13ms (DB: 0) | 302 Found [http://localhost/options]


Processing OptionsController#show (for 127.0.0.1 at 2010-12-02 15:34:59) [GET]
  Parameters: {"id"=>"2"}
  [4;35;1mOption Load (0.2ms)[0m   [0mSELECT * FROM "options" WHERE ("options"."id" = 2) [0m
Rendering template within layouts/options
Rendering options/show
Completed in 8ms (View: 3, DB: 0) | 200 OK [http://localhost/options/2]


Processing OptionsController#index (for 127.0.0.1 at 2010-12-02 15:35:01) [GET]
  [4;36;1mOption Load (0.5ms)[0m   [0;1mSELECT * FROM "options" [0m
Rendering template within layouts/options
Rendering options/index
Completed in 12ms (View: 8, DB: 1) | 200 OK [http://localhost/options]


Processing OptionsController#new (for 127.0.0.1 at 2010-12-02 15:35:02) [GET]
Rendering template within layouts/options
Rendering options/new
Completed in 54ms (View: 6, DB: 0) | 200 OK [http://localhost/options/new]


Processing OptionsController#create (for 127.0.0.1 at 2010-12-02 15:35:20) [POST]
  Parameters: {"option"=>{"name"=>"3 Türer", "image_url"=>"", "category_id"=>"3", "article_id"=>"three_doors", "description"=>""}, "commit"=>"Create", "authenticity_token"=>"s1fbtBud0TmatA37pgLaLFKoQGXaL//stguWkU2PAYo="}
  [4;35;1mOption Create (0.3ms)[0m   [0mINSERT INTO "options" ("name", "created_at", "image_url", "updated_at", "category_id", "article_id", "description") VALUES('3 Türer', '2010-12-02 14:35:20', '', '2010-12-02 14:35:20', 3, 'three_doors', '')[0m
Redirected to http://localhost:3000/options/3
Completed in 12ms (DB: 0) | 302 Found [http://localhost/options]


Processing OptionsController#show (for 127.0.0.1 at 2010-12-02 15:35:20) [GET]
  Parameters: {"id"=>"3"}
  [4;36;1mOption Load (0.2ms)[0m   [0;1mSELECT * FROM "options" WHERE ("options"."id" = 3) [0m
Rendering template within layouts/options
Rendering options/show
Completed in 8ms (View: 3, DB: 0) | 200 OK [http://localhost/options/3]


Processing OptionsController#index (for 127.0.0.1 at 2010-12-02 15:35:21) [GET]
  [4;35;1mOption Load (0.6ms)[0m   [0mSELECT * FROM "options" [0m
Rendering template within layouts/options
Rendering options/index
Completed in 14ms (View: 10, DB: 1) | 200 OK [http://localhost/options]


Processing OptionsController#new (for 127.0.0.1 at 2010-12-02 15:35:23) [GET]
Rendering template within layouts/options
Rendering options/new
Completed in 9ms (View: 5, DB: 0) | 200 OK [http://localhost/options/new]


Processing OptionsController#create (for 127.0.0.1 at 2010-12-02 15:35:38) [POST]
  Parameters: {"option"=>{"name"=>"5 Türer", "image_url"=>"", "category_id"=>"3", "article_id"=>"five_doors", "description"=>""}, "commit"=>"Create", "authenticity_token"=>"s1fbtBud0TmatA37pgLaLFKoQGXaL//stguWkU2PAYo="}
  [4;36;1mOption Create (0.2ms)[0m   [0;1mINSERT INTO "options" ("name", "created_at", "image_url", "updated_at", "category_id", "article_id", "description") VALUES('5 Türer', '2010-12-02 14:35:38', '', '2010-12-02 14:35:38', 3, 'five_doors', '')[0m
Redirected to http://localhost:3000/options/4
Completed in 14ms (DB: 0) | 302 Found [http://localhost/options]


Processing OptionsController#show (for 127.0.0.1 at 2010-12-02 15:35:38) [GET]
  Parameters: {"id"=>"4"}
  [4;35;1mOption Load (0.2ms)[0m   [0mSELECT * FROM "options" WHERE ("options"."id" = 4) [0m
Rendering template within layouts/options
Rendering options/show
Completed in 8ms (View: 3, DB: 0) | 200 OK [http://localhost/options/4]


Processing OptionsController#index (for 127.0.0.1 at 2010-12-02 15:35:39) [GET]
  [4;36;1mOption Load (0.7ms)[0m   [0;1mSELECT * FROM "options" [0m
Rendering template within layouts/options
Rendering options/index
Completed in 17ms (View: 13, DB: 1) | 200 OK [http://localhost/options]


Processing OptionsController#new (for 127.0.0.1 at 2010-12-02 15:35:40) [GET]
Rendering template within layouts/options
Rendering options/new
Completed in 10ms (View: 5, DB: 0) | 200 OK [http://localhost/options/new]


Processing OptionsController#create (for 127.0.0.1 at 2010-12-02 15:37:07) [POST]
  Parameters: {"option"=>{"name"=>"Benziner", "image_url"=>"", "category_id"=>"4", "article_id"=>"benziner", "description"=>""}, "commit"=>"Create", "authenticity_token"=>"s1fbtBud0TmatA37pgLaLFKoQGXaL//stguWkU2PAYo="}
  [4;35;1mOption Create (0.2ms)[0m   [0mINSERT INTO "options" ("name", "created_at", "image_url", "updated_at", "category_id", "article_id", "description") VALUES('Benziner', '2010-12-02 14:37:07', '', '2010-12-02 14:37:07', 4, 'benziner', '')[0m
Redirected to http://localhost:3000/options/5
Completed in 12ms (DB: 0) | 302 Found [http://localhost/options]


Processing OptionsController#show (for 127.0.0.1 at 2010-12-02 15:37:07) [GET]
  Parameters: {"id"=>"5"}
  [4;36;1mOption Load (0.2ms)[0m   [0;1mSELECT * FROM "options" WHERE ("options"."id" = 5) [0m
Rendering template within layouts/options
Rendering options/show
Completed in 8ms (View: 3, DB: 0) | 200 OK [http://localhost/options/5]


Processing OptionsController#index (for 127.0.0.1 at 2010-12-02 15:37:09) [GET]
  [4;35;1mOption Load (0.8ms)[0m   [0mSELECT * FROM "options" [0m
Rendering template within layouts/options
Rendering options/index
Completed in 66ms (View: 17, DB: 1) | 200 OK [http://localhost/options]


Processing OptionsController#new (for 127.0.0.1 at 2010-12-02 15:37:10) [GET]
Rendering template within layouts/options
Rendering options/new
Completed in 10ms (View: 5, DB: 0) | 200 OK [http://localhost/options/new]


Processing OptionsController#create (for 127.0.0.1 at 2010-12-02 15:37:17) [POST]
  Parameters: {"option"=>{"name"=>"Diesel", "image_url"=>"", "category_id"=>"4", "article_id"=>"diesel", "description"=>""}, "commit"=>"Create", "authenticity_token"=>"s1fbtBud0TmatA37pgLaLFKoQGXaL//stguWkU2PAYo="}
  [4;36;1mOption Create (0.2ms)[0m   [0;1mINSERT INTO "options" ("name", "created_at", "image_url", "updated_at", "category_id", "article_id", "description") VALUES('Diesel', '2010-12-02 14:37:17', '', '2010-12-02 14:37:17', 4, 'diesel', '')[0m
Redirected to http://localhost:3000/options/6
Completed in 13ms (DB: 0) | 302 Found [http://localhost/options]


Processing OptionsController#show (for 127.0.0.1 at 2010-12-02 15:37:17) [GET]
  Parameters: {"id"=>"6"}
  [4;35;1mOption Load (0.2ms)[0m   [0mSELECT * FROM "options" WHERE ("options"."id" = 6) [0m
Rendering template within layouts/options
Rendering options/show
Completed in 8ms (View: 3, DB: 0) | 200 OK [http://localhost/options/6]


Processing OptionsController#index (for 127.0.0.1 at 2010-12-02 15:37:19) [GET]
  [4;36;1mOption Load (0.8ms)[0m   [0;1mSELECT * FROM "options" [0m
Rendering template within layouts/options
Rendering options/index
Completed in 21ms (View: 17, DB: 1) | 200 OK [http://localhost/options]


Processing WorkflowController#index (for 127.0.0.1 at 2010-12-02 15:37:58) [GET]

MissingSourceFile (no such file to load -- net):
  /usr/lib/ruby/1.8/active_support/dependencies.rb:156:in `require'
  /usr/lib/ruby/1.8/active_support/dependencies.rb:521:in `new_constants_in'
  /usr/lib/ruby/1.8/active_support/dependencies.rb:156:in `require'
  app/models/rule_engine.rb:2
  /usr/lib/ruby/1.8/active_support/dependencies.rb:380:in `load_without_new_constant_marking'
  /usr/lib/ruby/1.8/active_support/dependencies.rb:380:in `load_file'
  /usr/lib/ruby/1.8/active_support/dependencies.rb:521:in `new_constants_in'
  /usr/lib/ruby/1.8/active_support/dependencies.rb:379:in `load_file'
  /usr/lib/ruby/1.8/active_support/dependencies.rb:259:in `require_or_load'
  /usr/lib/ruby/1.8/active_support/dependencies.rb:425:in `load_missing_constant'
  /usr/lib/ruby/1.8/active_support/dependencies.rb:80:in `const_missing'
  /usr/lib/ruby/1.8/active_support/dependencies.rb:92:in `const_missing'
  /usr/lib/ruby/1.8/active_support/dependencies.rb:437:in `load_missing_constant'
  /usr/lib/ruby/1.8/active_support/dependencies.rb:96:in `const_missing'
  app/controllers/workflow_controller.rb:3:in `index'
  /usr/lib/ruby/1.8/action_controller/base.rb:1331:in `send'
  /usr/lib/ruby/1.8/action_controller/base.rb:1331:in `perform_action_without_filters'
  /usr/lib/ruby/1.8/action_controller/filters.rb:617:in `call_filters'
  /usr/lib/ruby/1.8/action_controller/filters.rb:610:in `perform_action_without_benchmark'
  /usr/lib/ruby/1.8/action_controller/benchmarking.rb:68:in `perform_action_without_rescue'
  /usr/lib/ruby/1.8/action_controller/benchmarking.rb:68:in `perform_action_without_rescue'
  /usr/lib/ruby/1.8/action_controller/rescue.rb:160:in `perform_action_without_flash'
  /usr/lib/ruby/1.8/action_controller/flash.rb:146:in `perform_action'
  /usr/lib/ruby/1.8/action_controller/base.rb:532:in `send'
  /usr/lib/ruby/1.8/action_controller/base.rb:532:in `process_without_filters'
  /usr/lib/ruby/1.8/action_controller/filters.rb:606:in `process'
  /usr/lib/ruby/1.8/action_controller/base.rb:391:in `process'
  /usr/lib/ruby/1.8/action_controller/base.rb:386:in `call'
  /usr/lib/ruby/1.8/action_controller/routing/route_set.rb:437:in `call'
  /usr/lib/ruby/1.8/action_controller/dispatcher.rb:87:in `dispatch'
  /usr/lib/ruby/1.8/action_controller/dispatcher.rb:121:in `_call'
  /usr/lib/ruby/1.8/action_controller/dispatcher.rb:130:in `build_middleware_stack'
  /usr/lib/ruby/1.8/active_record/query_cache.rb:29:in `call'
  /usr/lib/ruby/1.8/active_record/query_cache.rb:29:in `call'
  /usr/lib/ruby/1.8/active_record/connection_adapters/abstract/query_cache.rb:34:in `cache'
  /usr/lib/ruby/1.8/active_record/query_cache.rb:9:in `cache'
  /usr/lib/ruby/1.8/active_record/query_cache.rb:28:in `call'
  /usr/lib/ruby/1.8/active_record/connection_adapters/abstract/connection_pool.rb:361:in `call'
  /usr/lib/ruby/1.8/action_controller/string_coercion.rb:25:in `call'
  /usr/lib/ruby/1.8/rack/head.rb:9:in `call'
  /usr/lib/ruby/1.8/rack/methodoverride.rb:24:in `call'
  /usr/lib/ruby/1.8/action_controller/params_parser.rb:15:in `call'
  /usr/lib/ruby/1.8/action_controller/session/cookie_store.rb:93:in `call'
  /usr/lib/ruby/1.8/action_controller/failsafe.rb:26:in `call'
  /usr/lib/ruby/1.8/rack/lock.rb:11:in `call'
  /usr/lib/ruby/1.8/rack/lock.rb:11:in `synchronize'
  /usr/lib/ruby/1.8/rack/lock.rb:11:in `call'
  /usr/lib/ruby/1.8/action_controller/dispatcher.rb:114:in `call'
  /usr/lib/ruby/1.8/action_controller/reloader.rb:34:in `run'
  /usr/lib/ruby/1.8/action_controller/dispatcher.rb:108:in `call'
  /usr/lib/ruby/1.8/rack/urlmap.rb:47:in `call'
  /usr/lib/ruby/1.8/rack/urlmap.rb:41:in `each'
  /usr/lib/ruby/1.8/rack/urlmap.rb:41:in `call'
  /usr/lib/ruby/1.8/rack/content_length.rb:13:in `call'
  /usr/lib/ruby/1.8/rack/handler/webrick.rb:48:in `service'
  /usr/lib/ruby/1.8/webrick/httpserver.rb:104:in `service'
  /usr/lib/ruby/1.8/webrick/httpserver.rb:65:in `run'
  /usr/lib/ruby/1.8/webrick/server.rb:173:in `start_thread'
  /usr/lib/ruby/1.8/webrick/server.rb:162:in `start'
  /usr/lib/ruby/1.8/webrick/server.rb:162:in `start_thread'
  /usr/lib/ruby/1.8/webrick/server.rb:95:in `start'
  /usr/lib/ruby/1.8/webrick/server.rb:92:in `each'
  /usr/lib/ruby/1.8/webrick/server.rb:92:in `start'
  /usr/lib/ruby/1.8/webrick/server.rb:23:in `start'
  /usr/lib/ruby/1.8/webrick/server.rb:82:in `start'
  /usr/lib/ruby/1.8/rack/handler/webrick.rb:14:in `run'

Rendered rescues/_trace (23.2ms)
Rendered rescues/_request_and_response (1.2ms)
Rendering rescues/layout (internal_server_error)


Processing WorkflowController#index (for 127.0.0.1 at 2010-12-02 15:38:07) [GET]

NoMethodError (undefined method `calculate' for RuleEngine:Class):
  app/controllers/workflow_controller.rb:3:in `index'
  /usr/lib/ruby/1.8/action_controller/base.rb:1331:in `send'
  /usr/lib/ruby/1.8/action_controller/base.rb:1331:in `perform_action_without_filters'
  /usr/lib/ruby/1.8/action_controller/filters.rb:617:in `call_filters'
  /usr/lib/ruby/1.8/action_controller/filters.rb:610:in `perform_action_without_benchmark'
  /usr/lib/ruby/1.8/action_controller/benchmarking.rb:68:in `perform_action_without_rescue'
  /usr/lib/ruby/1.8/action_controller/benchmarking.rb:68:in `perform_action_without_rescue'
  /usr/lib/ruby/1.8/action_controller/rescue.rb:160:in `perform_action_without_flash'
  /usr/lib/ruby/1.8/action_controller/flash.rb:146:in `perform_action'
  /usr/lib/ruby/1.8/action_controller/base.rb:532:in `send'
  /usr/lib/ruby/1.8/action_controller/base.rb:532:in `process_without_filters'
  /usr/lib/ruby/1.8/action_controller/filters.rb:606:in `process'
  /usr/lib/ruby/1.8/action_controller/base.rb:391:in `process'
  /usr/lib/ruby/1.8/action_controller/base.rb:386:in `call'
  /usr/lib/ruby/1.8/action_controller/routing/route_set.rb:437:in `call'
  /usr/lib/ruby/1.8/action_controller/dispatcher.rb:87:in `dispatch'
  /usr/lib/ruby/1.8/action_controller/dispatcher.rb:121:in `_call'
  /usr/lib/ruby/1.8/action_controller/dispatcher.rb:130:in `build_middleware_stack'
  /usr/lib/ruby/1.8/active_record/query_cache.rb:29:in `call'
  /usr/lib/ruby/1.8/active_record/query_cache.rb:29:in `call'
  /usr/lib/ruby/1.8/active_record/connection_adapters/abstract/query_cache.rb:34:in `cache'
  /usr/lib/ruby/1.8/active_record/query_cache.rb:9:in `cache'
  /usr/lib/ruby/1.8/active_record/query_cache.rb:28:in `call'
  /usr/lib/ruby/1.8/active_record/connection_adapters/abstract/connection_pool.rb:361:in `call'
  /usr/lib/ruby/1.8/action_controller/string_coercion.rb:25:in `call'
  /usr/lib/ruby/1.8/rack/head.rb:9:in `call'
  /usr/lib/ruby/1.8/rack/methodoverride.rb:24:in `call'
  /usr/lib/ruby/1.8/action_controller/params_parser.rb:15:in `call'
  /usr/lib/ruby/1.8/action_controller/session/cookie_store.rb:93:in `call'
  /usr/lib/ruby/1.8/action_controller/failsafe.rb:26:in `call'
  /usr/lib/ruby/1.8/rack/lock.rb:11:in `call'
  /usr/lib/ruby/1.8/rack/lock.rb:11:in `synchronize'
  /usr/lib/ruby/1.8/rack/lock.rb:11:in `call'
  /usr/lib/ruby/1.8/action_controller/dispatcher.rb:114:in `call'
  /usr/lib/ruby/1.8/action_controller/reloader.rb:34:in `run'
  /usr/lib/ruby/1.8/action_controller/dispatcher.rb:108:in `call'
  /usr/lib/ruby/1.8/rack/urlmap.rb:47:in `call'
  /usr/lib/ruby/1.8/rack/urlmap.rb:41:in `each'
  /usr/lib/ruby/1.8/rack/urlmap.rb:41:in `call'
  /usr/lib/ruby/1.8/rack/content_length.rb:13:in `call'
  /usr/lib/ruby/1.8/rack/handler/webrick.rb:48:in `service'
  /usr/lib/ruby/1.8/webrick/httpserver.rb:104:in `service'
  /usr/lib/ruby/1.8/webrick/httpserver.rb:65:in `run'
  /usr/lib/ruby/1.8/webrick/server.rb:173:in `start_thread'
  /usr/lib/ruby/1.8/webrick/server.rb:162:in `start'
  /usr/lib/ruby/1.8/webrick/server.rb:162:in `start_thread'
  /usr/lib/ruby/1.8/webrick/server.rb:95:in `start'
  /usr/lib/ruby/1.8/webrick/server.rb:92:in `each'
  /usr/lib/ruby/1.8/webrick/server.rb:92:in `start'
  /usr/lib/ruby/1.8/webrick/server.rb:23:in `start'
  /usr/lib/ruby/1.8/webrick/server.rb:82:in `start'
  /usr/lib/ruby/1.8/rack/handler/webrick.rb:14:in `run'

Rendered rescues/_trace (16.2ms)
Rendered rescues/_request_and_response (0.3ms)
Rendering rescues/layout (internal_server_error)


Processing WorkflowController#index (for 127.0.0.1 at 2010-12-02 15:38:15) [GET]
  [4;35;1mOption Load (0.9ms)[0m   [0mSELECT * FROM "options" [0m
  [4;36;1mCategory Load (0.2ms)[0m   [0;1mSELECT * FROM "categories" WHERE ("categories"."workflow_id" IS NULL) LIMIT 1[0m

NameError (undefined local variable or method `category' for #<WorkflowController:0x7f16e228bae0>):
  app/controllers/workflow_controller.rb:11:in `index'
  /usr/lib/ruby/1.8/action_controller/base.rb:1331:in `send'
  /usr/lib/ruby/1.8/action_controller/base.rb:1331:in `perform_action_without_filters'
  /usr/lib/ruby/1.8/action_controller/filters.rb:617:in `call_filters'
  /usr/lib/ruby/1.8/action_controller/filters.rb:610:in `perform_action_without_benchmark'
  /usr/lib/ruby/1.8/action_controller/benchmarking.rb:68:in `perform_action_without_rescue'
  /usr/lib/ruby/1.8/action_controller/benchmarking.rb:68:in `perform_action_without_rescue'
  /usr/lib/ruby/1.8/action_controller/rescue.rb:160:in `perform_action_without_flash'
  /usr/lib/ruby/1.8/action_controller/flash.rb:146:in `perform_action'
  /usr/lib/ruby/1.8/action_controller/base.rb:532:in `send'
  /usr/lib/ruby/1.8/action_controller/base.rb:532:in `process_without_filters'
  /usr/lib/ruby/1.8/action_controller/filters.rb:606:in `process'
  /usr/lib/ruby/1.8/action_controller/base.rb:391:in `process'
  /usr/lib/ruby/1.8/action_controller/base.rb:386:in `call'
  /usr/lib/ruby/1.8/action_controller/routing/route_set.rb:437:in `call'
  /usr/lib/ruby/1.8/action_controller/dispatcher.rb:87:in `dispatch'
  /usr/lib/ruby/1.8/action_controller/dispatcher.rb:121:in `_call'
  /usr/lib/ruby/1.8/action_controller/dispatcher.rb:130:in `build_middleware_stack'
  /usr/lib/ruby/1.8/active_record/query_cache.rb:29:in `call'
  /usr/lib/ruby/1.8/active_record/query_cache.rb:29:in `call'
  /usr/lib/ruby/1.8/active_record/connection_adapters/abstract/query_cache.rb:34:in `cache'
  /usr/lib/ruby/1.8/active_record/query_cache.rb:9:in `cache'
  /usr/lib/ruby/1.8/active_record/query_cache.rb:28:in `call'
  /usr/lib/ruby/1.8/active_record/connection_adapters/abstract/connection_pool.rb:361:in `call'
  /usr/lib/ruby/1.8/action_controller/string_coercion.rb:25:in `call'
  /usr/lib/ruby/1.8/rack/head.rb:9:in `call'
  /usr/lib/ruby/1.8/rack/methodoverride.rb:24:in `call'
  /usr/lib/ruby/1.8/action_controller/params_parser.rb:15:in `call'
  /usr/lib/ruby/1.8/action_controller/session/cookie_store.rb:93:in `call'
  /usr/lib/ruby/1.8/action_controller/failsafe.rb:26:in `call'
  /usr/lib/ruby/1.8/rack/lock.rb:11:in `call'
  /usr/lib/ruby/1.8/rack/lock.rb:11:in `synchronize'
  /usr/lib/ruby/1.8/rack/lock.rb:11:in `call'
  /usr/lib/ruby/1.8/action_controller/dispatcher.rb:114:in `call'
  /usr/lib/ruby/1.8/action_controller/reloader.rb:34:in `run'
  /usr/lib/ruby/1.8/action_controller/dispatcher.rb:108:in `call'
  /usr/lib/ruby/1.8/rack/urlmap.rb:47:in `call'
  /usr/lib/ruby/1.8/rack/urlmap.rb:41:in `each'
  /usr/lib/ruby/1.8/rack/urlmap.rb:41:in `call'
  /usr/lib/ruby/1.8/rack/content_length.rb:13:in `call'
  /usr/lib/ruby/1.8/rack/handler/webrick.rb:48:in `service'
  /usr/lib/ruby/1.8/webrick/httpserver.rb:104:in `service'
  /usr/lib/ruby/1.8/webrick/httpserver.rb:65:in `run'
  /usr/lib/ruby/1.8/webrick/server.rb:173:in `start_thread'
  /usr/lib/ruby/1.8/webrick/server.rb:162:in `start'
  /usr/lib/ruby/1.8/webrick/server.rb:162:in `start_thread'
  /usr/lib/ruby/1.8/webrick/server.rb:95:in `start'
  /usr/lib/ruby/1.8/webrick/server.rb:92:in `each'
  /usr/lib/ruby/1.8/webrick/server.rb:92:in `start'
  /usr/lib/ruby/1.8/webrick/server.rb:23:in `start'
  /usr/lib/ruby/1.8/webrick/server.rb:82:in `start'
  /usr/lib/ruby/1.8/rack/handler/webrick.rb:14:in `run'

Rendered rescues/_trace (17.1ms)
Rendered rescues/_request_and_response (11.8ms)
Rendering rescues/layout (internal_server_error)


Processing WorkflowController#index (for 127.0.0.1 at 2010-12-02 15:38:28) [GET]
  [4;35;1mOption Load (0.8ms)[0m   [0mSELECT * FROM "options" [0m
  [4;36;1mCategory Load (0.1ms)[0m   [0;1mSELECT * FROM "categories" WHERE ("categories"."workflow_id" IS NULL) LIMIT 1[0m

NoMethodError (undefined method `options' for nil:NilClass):
  /usr/lib/ruby/1.8/active_support/whiny_nil.rb:52:in `method_missing'
  app/controllers/workflow_controller.rb:11:in `index'
  /usr/lib/ruby/1.8/action_controller/base.rb:1331:in `send'
  /usr/lib/ruby/1.8/action_controller/base.rb:1331:in `perform_action_without_filters'
  /usr/lib/ruby/1.8/action_controller/filters.rb:617:in `call_filters'
  /usr/lib/ruby/1.8/action_controller/filters.rb:610:in `perform_action_without_benchmark'
  /usr/lib/ruby/1.8/action_controller/benchmarking.rb:68:in `perform_action_without_rescue'
  /usr/lib/ruby/1.8/action_controller/benchmarking.rb:68:in `perform_action_without_rescue'
  /usr/lib/ruby/1.8/action_controller/rescue.rb:160:in `perform_action_without_flash'
  /usr/lib/ruby/1.8/action_controller/flash.rb:146:in `perform_action'
  /usr/lib/ruby/1.8/action_controller/base.rb:532:in `send'
  /usr/lib/ruby/1.8/action_controller/base.rb:532:in `process_without_filters'
  /usr/lib/ruby/1.8/action_controller/filters.rb:606:in `process'
  /usr/lib/ruby/1.8/action_controller/base.rb:391:in `process'
  /usr/lib/ruby/1.8/action_controller/base.rb:386:in `call'
  /usr/lib/ruby/1.8/action_controller/routing/route_set.rb:437:in `call'
  /usr/lib/ruby/1.8/action_controller/dispatcher.rb:87:in `dispatch'
  /usr/lib/ruby/1.8/action_controller/dispatcher.rb:121:in `_call'
  /usr/lib/ruby/1.8/action_controller/dispatcher.rb:130:in `build_middleware_stack'
  /usr/lib/ruby/1.8/active_record/query_cache.rb:29:in `call'
  /usr/lib/ruby/1.8/active_record/query_cache.rb:29:in `call'
  /usr/lib/ruby/1.8/active_record/connection_adapters/abstract/query_cache.rb:34:in `cache'
  /usr/lib/ruby/1.8/active_record/query_cache.rb:9:in `cache'
  /usr/lib/ruby/1.8/active_record/query_cache.rb:28:in `call'
  /usr/lib/ruby/1.8/active_record/connection_adapters/abstract/connection_pool.rb:361:in `call'
  /usr/lib/ruby/1.8/action_controller/string_coercion.rb:25:in `call'
  /usr/lib/ruby/1.8/rack/head.rb:9:in `call'
  /usr/lib/ruby/1.8/rack/methodoverride.rb:24:in `call'
  /usr/lib/ruby/1.8/action_controller/params_parser.rb:15:in `call'
  /usr/lib/ruby/1.8/action_controller/session/cookie_store.rb:93:in `call'
  /usr/lib/ruby/1.8/action_controller/failsafe.rb:26:in `call'
  /usr/lib/ruby/1.8/rack/lock.rb:11:in `call'
  /usr/lib/ruby/1.8/rack/lock.rb:11:in `synchronize'
  /usr/lib/ruby/1.8/rack/lock.rb:11:in `call'
  /usr/lib/ruby/1.8/action_controller/dispatcher.rb:114:in `call'
  /usr/lib/ruby/1.8/action_controller/reloader.rb:34:in `run'
  /usr/lib/ruby/1.8/action_controller/dispatcher.rb:108:in `call'
  /usr/lib/ruby/1.8/rack/urlmap.rb:47:in `call'
  /usr/lib/ruby/1.8/rack/urlmap.rb:41:in `each'
  /usr/lib/ruby/1.8/rack/urlmap.rb:41:in `call'
  /usr/lib/ruby/1.8/rack/content_length.rb:13:in `call'
  /usr/lib/ruby/1.8/rack/handler/webrick.rb:48:in `service'
  /usr/lib/ruby/1.8/webrick/httpserver.rb:104:in `service'
  /usr/lib/ruby/1.8/webrick/httpserver.rb:65:in `run'
  /usr/lib/ruby/1.8/webrick/server.rb:173:in `start_thread'
  /usr/lib/ruby/1.8/webrick/server.rb:162:in `start'
  /usr/lib/ruby/1.8/webrick/server.rb:162:in `start_thread'
  /usr/lib/ruby/1.8/webrick/server.rb:95:in `start'
  /usr/lib/ruby/1.8/webrick/server.rb:92:in `each'
  /usr/lib/ruby/1.8/webrick/server.rb:92:in `start'
  /usr/lib/ruby/1.8/webrick/server.rb:23:in `start'
  /usr/lib/ruby/1.8/webrick/server.rb:82:in `start'
  /usr/lib/ruby/1.8/rack/handler/webrick.rb:14:in `run'

Rendered rescues/_trace (17.2ms)
Rendered rescues/_request_and_response (0.3ms)
Rendering rescues/layout (internal_server_error)


Processing WorkflowController#index (for 127.0.0.1 at 2010-12-02 15:40:01) [GET]
  [4;35;1mOption Load (0.8ms)[0m   [0mSELECT * FROM "options" [0m
  [4;36;1mCategory Load (0.1ms)[0m   [0;1mSELECT * FROM "categories" WHERE ("categories"."workflow_id" IS NULL) LIMIT 1[0m

NoMethodError (undefined method `options' for nil:NilClass):
  /usr/lib/ruby/1.8/active_support/whiny_nil.rb:52:in `method_missing'
  app/controllers/workflow_controller.rb:11:in `index'
  /usr/lib/ruby/1.8/action_controller/base.rb:1331:in `send'
  /usr/lib/ruby/1.8/action_controller/base.rb:1331:in `perform_action_without_filters'
  /usr/lib/ruby/1.8/action_controller/filters.rb:617:in `call_filters'
  /usr/lib/ruby/1.8/action_controller/filters.rb:610:in `perform_action_without_benchmark'
  /usr/lib/ruby/1.8/action_controller/benchmarking.rb:68:in `perform_action_without_rescue'
  /usr/lib/ruby/1.8/action_controller/benchmarking.rb:68:in `perform_action_without_rescue'
  /usr/lib/ruby/1.8/action_controller/rescue.rb:160:in `perform_action_without_flash'
  /usr/lib/ruby/1.8/action_controller/flash.rb:146:in `perform_action'
  /usr/lib/ruby/1.8/action_controller/base.rb:532:in `send'
  /usr/lib/ruby/1.8/action_controller/base.rb:532:in `process_without_filters'
  /usr/lib/ruby/1.8/action_controller/filters.rb:606:in `process'
  /usr/lib/ruby/1.8/action_controller/base.rb:391:in `process'
  /usr/lib/ruby/1.8/action_controller/base.rb:386:in `call'
  /usr/lib/ruby/1.8/action_controller/routing/route_set.rb:437:in `call'
  /usr/lib/ruby/1.8/action_controller/dispatcher.rb:87:in `dispatch'
  /usr/lib/ruby/1.8/action_controller/dispatcher.rb:121:in `_call'
  /usr/lib/ruby/1.8/action_controller/dispatcher.rb:130:in `build_middleware_stack'
  /usr/lib/ruby/1.8/active_record/query_cache.rb:29:in `call'
  /usr/lib/ruby/1.8/active_record/query_cache.rb:29:in `call'
  /usr/lib/ruby/1.8/active_record/connection_adapters/abstract/query_cache.rb:34:in `cache'
  /usr/lib/ruby/1.8/active_record/query_cache.rb:9:in `cache'
  /usr/lib/ruby/1.8/active_record/query_cache.rb:28:in `call'
  /usr/lib/ruby/1.8/active_record/connection_adapters/abstract/connection_pool.rb:361:in `call'
  /usr/lib/ruby/1.8/action_controller/string_coercion.rb:25:in `call'
  /usr/lib/ruby/1.8/rack/head.rb:9:in `call'
  /usr/lib/ruby/1.8/rack/methodoverride.rb:24:in `call'
  /usr/lib/ruby/1.8/action_controller/params_parser.rb:15:in `call'
  /usr/lib/ruby/1.8/action_controller/session/cookie_store.rb:93:in `call'
  /usr/lib/ruby/1.8/action_controller/failsafe.rb:26:in `call'
  /usr/lib/ruby/1.8/rack/lock.rb:11:in `call'
  /usr/lib/ruby/1.8/rack/lock.rb:11:in `synchronize'
  /usr/lib/ruby/1.8/rack/lock.rb:11:in `call'
  /usr/lib/ruby/1.8/action_controller/dispatcher.rb:114:in `call'
  /usr/lib/ruby/1.8/action_controller/reloader.rb:34:in `run'
  /usr/lib/ruby/1.8/action_controller/dispatcher.rb:108:in `call'
  /usr/lib/ruby/1.8/rack/urlmap.rb:47:in `call'
  /usr/lib/ruby/1.8/rack/urlmap.rb:41:in `each'
  /usr/lib/ruby/1.8/rack/urlmap.rb:41:in `call'
  /usr/lib/ruby/1.8/rack/content_length.rb:13:in `call'
  /usr/lib/ruby/1.8/rack/handler/webrick.rb:48:in `service'
  /usr/lib/ruby/1.8/webrick/httpserver.rb:104:in `service'
  /usr/lib/ruby/1.8/webrick/httpserver.rb:65:in `run'
  /usr/lib/ruby/1.8/webrick/server.rb:173:in `start_thread'
  /usr/lib/ruby/1.8/webrick/server.rb:162:in `start'
  /usr/lib/ruby/1.8/webrick/server.rb:162:in `start_thread'
  /usr/lib/ruby/1.8/webrick/server.rb:95:in `start'
  /usr/lib/ruby/1.8/webrick/server.rb:92:in `each'
  /usr/lib/ruby/1.8/webrick/server.rb:92:in `start'
  /usr/lib/ruby/1.8/webrick/server.rb:23:in `start'
  /usr/lib/ruby/1.8/webrick/server.rb:82:in `start'
  /usr/lib/ruby/1.8/rack/handler/webrick.rb:14:in `run'

Rendered rescues/_trace (16.0ms)
Rendered rescues/_request_and_response (0.3ms)
Rendering rescues/layout (internal_server_error)
  [4;36;1mCategory Load (0.5ms)[0m   [0;1mSELECT * FROM "categories" LIMIT 1[0m
  [4;35;1mCategory Load (0.7ms)[0m   [0mSELECT * FROM "categories" LIMIT 1[0m
  [4;36;1mOption Load (0.4ms)[0m   [0;1mSELECT * FROM "options" WHERE ("options".category_id = 2) [0m
  [4;35;1mCategory Load (0.7ms)[0m   [0mSELECT * FROM "categories" LIMIT 1[0m
  [4;36;1mOption Load (0.6ms)[0m   [0;1mSELECT * FROM "options" WHERE ("options"."article_id" = 'yaris') AND ("options".category_id = 2) [0m
  [4;35;1mCategory Load (0.7ms)[0m   [0mSELECT * FROM "categories" LIMIT 1[0m
  [4;36;1mOption Load (0.9ms)[0m   [0;1mSELECT * FROM "options" WHERE ("options"."article_id" IN ('yaris','aygo')) AND ("options".category_id = 2) [0m


Processing WorkflowController#index (for 127.0.0.1 at 2010-12-02 15:41:26) [GET]
  [4;35;1mOption Load (0.8ms)[0m   [0mSELECT * FROM "options" [0m
  [4;36;1mCategory Load (0.2ms)[0m   [0;1mSELECT * FROM "categories" WHERE ("categories"."workflow_id" IS NULL) LIMIT 1[0m

NoMethodError (undefined method `options' for nil:NilClass):
  /usr/lib/ruby/1.8/active_support/whiny_nil.rb:52:in `method_missing'
  app/controllers/workflow_controller.rb:12:in `index'
  /usr/lib/ruby/1.8/action_controller/base.rb:1331:in `send'
  /usr/lib/ruby/1.8/action_controller/base.rb:1331:in `perform_action_without_filters'
  /usr/lib/ruby/1.8/action_controller/filters.rb:617:in `call_filters'
  /usr/lib/ruby/1.8/action_controller/filters.rb:610:in `perform_action_without_benchmark'
  /usr/lib/ruby/1.8/action_controller/benchmarking.rb:68:in `perform_action_without_rescue'
  /usr/lib/ruby/1.8/action_controller/benchmarking.rb:68:in `perform_action_without_rescue'
  /usr/lib/ruby/1.8/action_controller/rescue.rb:160:in `perform_action_without_flash'
  /usr/lib/ruby/1.8/action_controller/flash.rb:146:in `perform_action'
  /usr/lib/ruby/1.8/action_controller/base.rb:532:in `send'
  /usr/lib/ruby/1.8/action_controller/base.rb:532:in `process_without_filters'
  /usr/lib/ruby/1.8/action_controller/filters.rb:606:in `process'
  /usr/lib/ruby/1.8/action_controller/base.rb:391:in `process'
  /usr/lib/ruby/1.8/action_controller/base.rb:386:in `call'
  /usr/lib/ruby/1.8/action_controller/routing/route_set.rb:437:in `call'
  /usr/lib/ruby/1.8/action_controller/dispatcher.rb:87:in `dispatch'
  /usr/lib/ruby/1.8/action_controller/dispatcher.rb:121:in `_call'
  /usr/lib/ruby/1.8/action_controller/dispatcher.rb:130:in `build_middleware_stack'
  /usr/lib/ruby/1.8/active_record/query_cache.rb:29:in `call'
  /usr/lib/ruby/1.8/active_record/query_cache.rb:29:in `call'
  /usr/lib/ruby/1.8/active_record/connection_adapters/abstract/query_cache.rb:34:in `cache'
  /usr/lib/ruby/1.8/active_record/query_cache.rb:9:in `cache'
  /usr/lib/ruby/1.8/active_record/query_cache.rb:28:in `call'
  /usr/lib/ruby/1.8/active_record/connection_adapters/abstract/connection_pool.rb:361:in `call'
  /usr/lib/ruby/1.8/action_controller/string_coercion.rb:25:in `call'
  /usr/lib/ruby/1.8/rack/head.rb:9:in `call'
  /usr/lib/ruby/1.8/rack/methodoverride.rb:24:in `call'
  /usr/lib/ruby/1.8/action_controller/params_parser.rb:15:in `call'
  /usr/lib/ruby/1.8/action_controller/session/cookie_store.rb:93:in `call'
  /usr/lib/ruby/1.8/action_controller/failsafe.rb:26:in `call'
  /usr/lib/ruby/1.8/rack/lock.rb:11:in `call'
  /usr/lib/ruby/1.8/rack/lock.rb:11:in `synchronize'
  /usr/lib/ruby/1.8/rack/lock.rb:11:in `call'
  /usr/lib/ruby/1.8/action_controller/dispatcher.rb:114:in `call'
  /usr/lib/ruby/1.8/action_controller/reloader.rb:34:in `run'
  /usr/lib/ruby/1.8/action_controller/dispatcher.rb:108:in `call'
  /usr/lib/ruby/1.8/rack/urlmap.rb:47:in `call'
  /usr/lib/ruby/1.8/rack/urlmap.rb:41:in `each'
  /usr/lib/ruby/1.8/rack/urlmap.rb:41:in `call'
  /usr/lib/ruby/1.8/rack/content_length.rb:13:in `call'
  /usr/lib/ruby/1.8/rack/handler/webrick.rb:48:in `service'
  /usr/lib/ruby/1.8/webrick/httpserver.rb:104:in `service'
  /usr/lib/ruby/1.8/webrick/httpserver.rb:65:in `run'
  /usr/lib/ruby/1.8/webrick/server.rb:173:in `start_thread'
  /usr/lib/ruby/1.8/webrick/server.rb:162:in `start'
  /usr/lib/ruby/1.8/webrick/server.rb:162:in `start_thread'
  /usr/lib/ruby/1.8/webrick/server.rb:95:in `start'
  /usr/lib/ruby/1.8/webrick/server.rb:92:in `each'
  /usr/lib/ruby/1.8/webrick/server.rb:92:in `start'
  /usr/lib/ruby/1.8/webrick/server.rb:23:in `start'
  /usr/lib/ruby/1.8/webrick/server.rb:82:in `start'
  /usr/lib/ruby/1.8/rack/handler/webrick.rb:14:in `run'

Rendered rescues/_trace (18.5ms)
Rendered rescues/_request_and_response (0.4ms)
Rendering rescues/layout (internal_server_error)


Processing WorkflowController#index (for 127.0.0.1 at 2010-12-02 15:42:24) [GET]
  [4;35;1mOption Load (0.8ms)[0m   [0mSELECT * FROM "options" [0m
  [4;36;1mCategory Load (0.1ms)[0m   [0;1mSELECT * FROM "categories" WHERE ("categories"."workflow_id" IS NULL) LIMIT 1[0m

NoMethodError (undefined method `options' for nil:NilClass):
  /usr/lib/ruby/1.8/active_support/whiny_nil.rb:52:in `method_missing'
  app/controllers/workflow_controller.rb:11:in `index'
  /usr/lib/ruby/1.8/action_controller/base.rb:1331:in `send'
  /usr/lib/ruby/1.8/action_controller/base.rb:1331:in `perform_action_without_filters'
  /usr/lib/ruby/1.8/action_controller/filters.rb:617:in `call_filters'
  /usr/lib/ruby/1.8/action_controller/filters.rb:610:in `perform_action_without_benchmark'
  /usr/lib/ruby/1.8/action_controller/benchmarking.rb:68:in `perform_action_without_rescue'
  /usr/lib/ruby/1.8/action_controller/benchmarking.rb:68:in `perform_action_without_rescue'
  /usr/lib/ruby/1.8/action_controller/rescue.rb:160:in `perform_action_without_flash'
  /usr/lib/ruby/1.8/action_controller/flash.rb:146:in `perform_action'
  /usr/lib/ruby/1.8/action_controller/base.rb:532:in `send'
  /usr/lib/ruby/1.8/action_controller/base.rb:532:in `process_without_filters'
  /usr/lib/ruby/1.8/action_controller/filters.rb:606:in `process'
  /usr/lib/ruby/1.8/action_controller/base.rb:391:in `process'
  /usr/lib/ruby/1.8/action_controller/base.rb:386:in `call'
  /usr/lib/ruby/1.8/action_controller/routing/route_set.rb:437:in `call'
  /usr/lib/ruby/1.8/action_controller/dispatcher.rb:87:in `dispatch'
  /usr/lib/ruby/1.8/action_controller/dispatcher.rb:121:in `_call'
  /usr/lib/ruby/1.8/action_controller/dispatcher.rb:130:in `build_middleware_stack'
  /usr/lib/ruby/1.8/active_record/query_cache.rb:29:in `call'
  /usr/lib/ruby/1.8/active_record/query_cache.rb:29:in `call'
  /usr/lib/ruby/1.8/active_record/connection_adapters/abstract/query_cache.rb:34:in `cache'
  /usr/lib/ruby/1.8/active_record/query_cache.rb:9:in `cache'
  /usr/lib/ruby/1.8/active_record/query_cache.rb:28:in `call'
  /usr/lib/ruby/1.8/active_record/connection_adapters/abstract/connection_pool.rb:361:in `call'
  /usr/lib/ruby/1.8/action_controller/string_coercion.rb:25:in `call'
  /usr/lib/ruby/1.8/rack/head.rb:9:in `call'
  /usr/lib/ruby/1.8/rack/methodoverride.rb:24:in `call'
  /usr/lib/ruby/1.8/action_controller/params_parser.rb:15:in `call'
  /usr/lib/ruby/1.8/action_controller/session/cookie_store.rb:93:in `call'
  /usr/lib/ruby/1.8/action_controller/failsafe.rb:26:in `call'
  /usr/lib/ruby/1.8/rack/lock.rb:11:in `call'
  /usr/lib/ruby/1.8/rack/lock.rb:11:in `synchronize'
  /usr/lib/ruby/1.8/rack/lock.rb:11:in `call'
  /usr/lib/ruby/1.8/action_controller/dispatcher.rb:114:in `call'
  /usr/lib/ruby/1.8/action_controller/reloader.rb:34:in `run'
  /usr/lib/ruby/1.8/action_controller/dispatcher.rb:108:in `call'
  /usr/lib/ruby/1.8/rack/urlmap.rb:47:in `call'
  /usr/lib/ruby/1.8/rack/urlmap.rb:41:in `each'
  /usr/lib/ruby/1.8/rack/urlmap.rb:41:in `call'
  /usr/lib/ruby/1.8/rack/content_length.rb:13:in `call'
  /usr/lib/ruby/1.8/rack/handler/webrick.rb:48:in `service'
  /usr/lib/ruby/1.8/webrick/httpserver.rb:104:in `service'
  /usr/lib/ruby/1.8/webrick/httpserver.rb:65:in `run'
  /usr/lib/ruby/1.8/webrick/server.rb:173:in `start_thread'
  /usr/lib/ruby/1.8/webrick/server.rb:162:in `start'
  /usr/lib/ruby/1.8/webrick/server.rb:162:in `start_thread'
  /usr/lib/ruby/1.8/webrick/server.rb:95:in `start'
  /usr/lib/ruby/1.8/webrick/server.rb:92:in `each'
  /usr/lib/ruby/1.8/webrick/server.rb:92:in `start'
  /usr/lib/ruby/1.8/webrick/server.rb:23:in `start'
  /usr/lib/ruby/1.8/webrick/server.rb:82:in `start'
  /usr/lib/ruby/1.8/rack/handler/webrick.rb:14:in `run'

Rendered rescues/_trace (16.1ms)
Rendered rescues/_request_and_response (0.3ms)
Rendering rescues/layout (internal_server_error)


Processing WorkflowController#index (for 127.0.0.1 at 2010-12-02 15:42:25) [GET]
  [4;35;1mOption Load (0.8ms)[0m   [0mSELECT * FROM "options" [0m
  [4;36;1mCategory Load (0.2ms)[0m   [0;1mSELECT * FROM "categories" WHERE ("categories"."workflow_id" IS NULL) LIMIT 1[0m

NoMethodError (undefined method `options' for nil:NilClass):
  /usr/lib/ruby/1.8/active_support/whiny_nil.rb:52:in `method_missing'
  app/controllers/workflow_controller.rb:11:in `index'
  /usr/lib/ruby/1.8/action_controller/base.rb:1331:in `send'
  /usr/lib/ruby/1.8/action_controller/base.rb:1331:in `perform_action_without_filters'
  /usr/lib/ruby/1.8/action_controller/filters.rb:617:in `call_filters'
  /usr/lib/ruby/1.8/action_controller/filters.rb:610:in `perform_action_without_benchmark'
  /usr/lib/ruby/1.8/action_controller/benchmarking.rb:68:in `perform_action_without_rescue'
  /usr/lib/ruby/1.8/action_controller/benchmarking.rb:68:in `perform_action_without_rescue'
  /usr/lib/ruby/1.8/action_controller/rescue.rb:160:in `perform_action_without_flash'
  /usr/lib/ruby/1.8/action_controller/flash.rb:146:in `perform_action'
  /usr/lib/ruby/1.8/action_controller/base.rb:532:in `send'
  /usr/lib/ruby/1.8/action_controller/base.rb:532:in `process_without_filters'
  /usr/lib/ruby/1.8/action_controller/filters.rb:606:in `process'
  /usr/lib/ruby/1.8/action_controller/base.rb:391:in `process'
  /usr/lib/ruby/1.8/action_controller/base.rb:386:in `call'
  /usr/lib/ruby/1.8/action_controller/routing/route_set.rb:437:in `call'
  /usr/lib/ruby/1.8/action_controller/dispatcher.rb:87:in `dispatch'
  /usr/lib/ruby/1.8/action_controller/dispatcher.rb:121:in `_call'
  /usr/lib/ruby/1.8/action_controller/dispatcher.rb:130:in `build_middleware_stack'
  /usr/lib/ruby/1.8/active_record/query_cache.rb:29:in `call'
  /usr/lib/ruby/1.8/active_record/query_cache.rb:29:in `call'
  /usr/lib/ruby/1.8/active_record/connection_adapters/abstract/query_cache.rb:34:in `cache'
  /usr/lib/ruby/1.8/active_record/query_cache.rb:9:in `cache'
  /usr/lib/ruby/1.8/active_record/query_cache.rb:28:in `call'
  /usr/lib/ruby/1.8/active_record/connection_adapters/abstract/connection_pool.rb:361:in `call'
  /usr/lib/ruby/1.8/action_controller/string_coercion.rb:25:in `call'
  /usr/lib/ruby/1.8/rack/head.rb:9:in `call'
  /usr/lib/ruby/1.8/rack/methodoverride.rb:24:in `call'
  /usr/lib/ruby/1.8/action_controller/params_parser.rb:15:in `call'
  /usr/lib/ruby/1.8/action_controller/session/cookie_store.rb:93:in `call'
  /usr/lib/ruby/1.8/action_controller/failsafe.rb:26:in `call'
  /usr/lib/ruby/1.8/rack/lock.rb:11:in `call'
  /usr/lib/ruby/1.8/rack/lock.rb:11:in `synchronize'
  /usr/lib/ruby/1.8/rack/lock.rb:11:in `call'
  /usr/lib/ruby/1.8/action_controller/dispatcher.rb:114:in `call'
  /usr/lib/ruby/1.8/action_controller/reloader.rb:34:in `run'
  /usr/lib/ruby/1.8/action_controller/dispatcher.rb:108:in `call'
  /usr/lib/ruby/1.8/rack/urlmap.rb:47:in `call'
  /usr/lib/ruby/1.8/rack/urlmap.rb:41:in `each'
  /usr/lib/ruby/1.8/rack/urlmap.rb:41:in `call'
  /usr/lib/ruby/1.8/rack/content_length.rb:13:in `call'
  /usr/lib/ruby/1.8/rack/handler/webrick.rb:48:in `service'
  /usr/lib/ruby/1.8/webrick/httpserver.rb:104:in `service'
  /usr/lib/ruby/1.8/webrick/httpserver.rb:65:in `run'
  /usr/lib/ruby/1.8/webrick/server.rb:173:in `start_thread'
  /usr/lib/ruby/1.8/webrick/server.rb:162:in `start'
  /usr/lib/ruby/1.8/webrick/server.rb:162:in `start_thread'
  /usr/lib/ruby/1.8/webrick/server.rb:95:in `start'
  /usr/lib/ruby/1.8/webrick/server.rb:92:in `each'
  /usr/lib/ruby/1.8/webrick/server.rb:92:in `start'
  /usr/lib/ruby/1.8/webrick/server.rb:23:in `start'
  /usr/lib/ruby/1.8/webrick/server.rb:82:in `start'
  /usr/lib/ruby/1.8/rack/handler/webrick.rb:14:in `run'

Rendered rescues/_trace (68.9ms)
Rendered rescues/_request_and_response (0.3ms)
Rendering rescues/layout (internal_server_error)


Processing WorkflowController#index (for 127.0.0.1 at 2010-12-02 15:42:31) [GET]
  [4;36;1mOption Load (0.9ms)[0m   [0;1mSELECT * FROM "options" [0m
  [4;35;1mCategory Load (0.2ms)[0m   [0mSELECT * FROM "categories" WHERE ("categories"."workflow_id" IS NULL) LIMIT 1[0m

NoMethodError (undefined method `options' for nil:NilClass):
  /usr/lib/ruby/1.8/active_support/whiny_nil.rb:52:in `method_missing'
  app/controllers/workflow_controller.rb:11:in `index'
  /usr/lib/ruby/1.8/action_controller/base.rb:1331:in `send'
  /usr/lib/ruby/1.8/action_controller/base.rb:1331:in `perform_action_without_filters'
  /usr/lib/ruby/1.8/action_controller/filters.rb:617:in `call_filters'
  /usr/lib/ruby/1.8/action_controller/filters.rb:610:in `perform_action_without_benchmark'
  /usr/lib/ruby/1.8/action_controller/benchmarking.rb:68:in `perform_action_without_rescue'
  /usr/lib/ruby/1.8/action_controller/benchmarking.rb:68:in `perform_action_without_rescue'
  /usr/lib/ruby/1.8/action_controller/rescue.rb:160:in `perform_action_without_flash'
  /usr/lib/ruby/1.8/action_controller/flash.rb:146:in `perform_action'
  /usr/lib/ruby/1.8/action_controller/base.rb:532:in `send'
  /usr/lib/ruby/1.8/action_controller/base.rb:532:in `process_without_filters'
  /usr/lib/ruby/1.8/action_controller/filters.rb:606:in `process'
  /usr/lib/ruby/1.8/action_controller/base.rb:391:in `process'
  /usr/lib/ruby/1.8/action_controller/base.rb:386:in `call'
  /usr/lib/ruby/1.8/action_controller/routing/route_set.rb:437:in `call'
  /usr/lib/ruby/1.8/action_controller/dispatcher.rb:87:in `dispatch'
  /usr/lib/ruby/1.8/action_controller/dispatcher.rb:121:in `_call'
  /usr/lib/ruby/1.8/action_controller/dispatcher.rb:130:in `build_middleware_stack'
  /usr/lib/ruby/1.8/active_record/query_cache.rb:29:in `call'
  /usr/lib/ruby/1.8/active_record/query_cache.rb:29:in `call'
  /usr/lib/ruby/1.8/active_record/connection_adapters/abstract/query_cache.rb:34:in `cache'
  /usr/lib/ruby/1.8/active_record/query_cache.rb:9:in `cache'
  /usr/lib/ruby/1.8/active_record/query_cache.rb:28:in `call'
  /usr/lib/ruby/1.8/active_record/connection_adapters/abstract/connection_pool.rb:361:in `call'
  /usr/lib/ruby/1.8/action_controller/string_coercion.rb:25:in `call'
  /usr/lib/ruby/1.8/rack/head.rb:9:in `call'
  /usr/lib/ruby/1.8/rack/methodoverride.rb:24:in `call'
  /usr/lib/ruby/1.8/action_controller/params_parser.rb:15:in `call'
  /usr/lib/ruby/1.8/action_controller/session/cookie_store.rb:93:in `call'
  /usr/lib/ruby/1.8/action_controller/failsafe.rb:26:in `call'
  /usr/lib/ruby/1.8/rack/lock.rb:11:in `call'
  /usr/lib/ruby/1.8/rack/lock.rb:11:in `synchronize'
  /usr/lib/ruby/1.8/rack/lock.rb:11:in `call'
  /usr/lib/ruby/1.8/action_controller/dispatcher.rb:114:in `call'
  /usr/lib/ruby/1.8/action_controller/reloader.rb:34:in `run'
  /usr/lib/ruby/1.8/action_controller/dispatcher.rb:108:in `call'
  /usr/lib/ruby/1.8/rack/urlmap.rb:47:in `call'
  /usr/lib/ruby/1.8/rack/urlmap.rb:41:in `each'
  /usr/lib/ruby/1.8/rack/urlmap.rb:41:in `call'
  /usr/lib/ruby/1.8/rack/content_length.rb:13:in `call'
  /usr/lib/ruby/1.8/rack/handler/webrick.rb:48:in `service'
  /usr/lib/ruby/1.8/webrick/httpserver.rb:104:in `service'
  /usr/lib/ruby/1.8/webrick/httpserver.rb:65:in `run'
  /usr/lib/ruby/1.8/webrick/server.rb:173:in `start_thread'
  /usr/lib/ruby/1.8/webrick/server.rb:162:in `start'
  /usr/lib/ruby/1.8/webrick/server.rb:162:in `start_thread'
  /usr/lib/ruby/1.8/webrick/server.rb:95:in `start'
  /usr/lib/ruby/1.8/webrick/server.rb:92:in `each'
  /usr/lib/ruby/1.8/webrick/server.rb:92:in `start'
  /usr/lib/ruby/1.8/webrick/server.rb:23:in `start'
  /usr/lib/ruby/1.8/webrick/server.rb:82:in `start'
  /usr/lib/ruby/1.8/rack/handler/webrick.rb:14:in `run'

Rendered rescues/_trace (18.2ms)
Rendered rescues/_request_and_response (1.1ms)
Rendering rescues/layout (internal_server_error)


Processing WorkflowController#index (for 127.0.0.1 at 2010-12-02 15:42:32) [GET]
  [4;36;1mOption Load (0.8ms)[0m   [0;1mSELECT * FROM "options" [0m
  [4;35;1mCategory Load (0.1ms)[0m   [0mSELECT * FROM "categories" WHERE ("categories"."workflow_id" IS NULL) LIMIT 1[0m

NoMethodError (undefined method `options' for nil:NilClass):
  /usr/lib/ruby/1.8/active_support/whiny_nil.rb:52:in `method_missing'
  app/controllers/workflow_controller.rb:11:in `index'
  /usr/lib/ruby/1.8/action_controller/base.rb:1331:in `send'
  /usr/lib/ruby/1.8/action_controller/base.rb:1331:in `perform_action_without_filters'
  /usr/lib/ruby/1.8/action_controller/filters.rb:617:in `call_filters'
  /usr/lib/ruby/1.8/action_controller/filters.rb:610:in `perform_action_without_benchmark'
  /usr/lib/ruby/1.8/action_controller/benchmarking.rb:68:in `perform_action_without_rescue'
  /usr/lib/ruby/1.8/action_controller/benchmarking.rb:68:in `perform_action_without_rescue'
  /usr/lib/ruby/1.8/action_controller/rescue.rb:160:in `perform_action_without_flash'
  /usr/lib/ruby/1.8/action_controller/flash.rb:146:in `perform_action'
  /usr/lib/ruby/1.8/action_controller/base.rb:532:in `send'
  /usr/lib/ruby/1.8/action_controller/base.rb:532:in `process_without_filters'
  /usr/lib/ruby/1.8/action_controller/filters.rb:606:in `process'
  /usr/lib/ruby/1.8/action_controller/base.rb:391:in `process'
  /usr/lib/ruby/1.8/action_controller/base.rb:386:in `call'
  /usr/lib/ruby/1.8/action_controller/routing/route_set.rb:437:in `call'
  /usr/lib/ruby/1.8/action_controller/dispatcher.rb:87:in `dispatch'
  /usr/lib/ruby/1.8/action_controller/dispatcher.rb:121:in `_call'
  /usr/lib/ruby/1.8/action_controller/dispatcher.rb:130:in `build_middleware_stack'
  /usr/lib/ruby/1.8/active_record/query_cache.rb:29:in `call'
  /usr/lib/ruby/1.8/active_record/query_cache.rb:29:in `call'
  /usr/lib/ruby/1.8/active_record/connection_adapters/abstract/query_cache.rb:34:in `cache'
  /usr/lib/ruby/1.8/active_record/query_cache.rb:9:in `cache'
  /usr/lib/ruby/1.8/active_record/query_cache.rb:28:in `call'
  /usr/lib/ruby/1.8/active_record/connection_adapters/abstract/connection_pool.rb:361:in `call'
  /usr/lib/ruby/1.8/action_controller/string_coercion.rb:25:in `call'
  /usr/lib/ruby/1.8/rack/head.rb:9:in `call'
  /usr/lib/ruby/1.8/rack/methodoverride.rb:24:in `call'
  /usr/lib/ruby/1.8/action_controller/params_parser.rb:15:in `call'
  /usr/lib/ruby/1.8/action_controller/session/cookie_store.rb:93:in `call'
  /usr/lib/ruby/1.8/action_controller/failsafe.rb:26:in `call'
  /usr/lib/ruby/1.8/rack/lock.rb:11:in `call'
  /usr/lib/ruby/1.8/rack/lock.rb:11:in `synchronize'
  /usr/lib/ruby/1.8/rack/lock.rb:11:in `call'
  /usr/lib/ruby/1.8/action_controller/dispatcher.rb:114:in `call'
  /usr/lib/ruby/1.8/action_controller/reloader.rb:34:in `run'
  /usr/lib/ruby/1.8/action_controller/dispatcher.rb:108:in `call'
  /usr/lib/ruby/1.8/rack/urlmap.rb:47:in `call'
  /usr/lib/ruby/1.8/rack/urlmap.rb:41:in `each'
  /usr/lib/ruby/1.8/rack/urlmap.rb:41:in `call'
  /usr/lib/ruby/1.8/rack/content_length.rb:13:in `call'
  /usr/lib/ruby/1.8/rack/handler/webrick.rb:48:in `service'
  /usr/lib/ruby/1.8/webrick/httpserver.rb:104:in `service'
  /usr/lib/ruby/1.8/webrick/httpserver.rb:65:in `run'
  /usr/lib/ruby/1.8/webrick/server.rb:173:in `start_thread'
  /usr/lib/ruby/1.8/webrick/server.rb:162:in `start'
  /usr/lib/ruby/1.8/webrick/server.rb:162:in `start_thread'
  /usr/lib/ruby/1.8/webrick/server.rb:95:in `start'
  /usr/lib/ruby/1.8/webrick/server.rb:92:in `each'
  /usr/lib/ruby/1.8/webrick/server.rb:92:in `start'
  /usr/lib/ruby/1.8/webrick/server.rb:23:in `start'
  /usr/lib/ruby/1.8/webrick/server.rb:82:in `start'
  /usr/lib/ruby/1.8/rack/handler/webrick.rb:14:in `run'

Rendered rescues/_trace (16.7ms)
Rendered rescues/_request_and_response (0.3ms)
Rendering rescues/layout (internal_server_error)


Processing WorkflowController#index (for 127.0.0.1 at 2010-12-02 15:45:19) [GET]
  [4;36;1mOption Load (0.9ms)[0m   [0;1mSELECT * FROM "options" [0m
  [4;35;1mCategory Load (0.3ms)[0m   [0mSELECT * FROM "categories" WHERE ("categories"."workflow_id" IN ('modell')) LIMIT 1[0m
  [4;36;1mOption Load (0.4ms)[0m   [0;1mSELECT * FROM "options" WHERE ("options"."article_id" IN ('yaris','aygo','three_doors','five_doors','benziner','diesel')) AND ("options".category_id = 2) [0m
Rendering workflow/index
Completed in 71ms (View: 6, DB: 2) | 200 OK [http://localhost/workflow/index]


Processing WorkflowController#index (for 127.0.0.1 at 2010-12-02 15:45:56) [GET]
  [4;35;1mOption Load (0.8ms)[0m   [0mSELECT * FROM "options" [0m
  [4;36;1mCategory Load (0.3ms)[0m   [0;1mSELECT * FROM "categories" WHERE ("categories"."workflow_id" IN ('modell')) LIMIT 1[0m
  [4;35;1mOption Load (0.4ms)[0m   [0mSELECT * FROM "options" WHERE ("options"."article_id" IN ('yaris','aygo','three_doors','five_doors','benziner','diesel')) AND ("options".category_id = 2) [0m
Rendering workflow/index
Completed in 16ms (View: 4, DB: 1) | 200 OK [http://localhost/workflow/index]


Processing WorkflowController#index (for 127.0.0.1 at 2010-12-02 15:46:04) [GET]
  [4;36;1mOption Load (0.8ms)[0m   [0;1mSELECT * FROM "options" [0m
  [4;35;1mCategory Load (0.3ms)[0m   [0mSELECT * FROM "categories" WHERE ("categories"."workflow_id" IN ('modell')) LIMIT 1[0m
  [4;36;1mOption Load (0.3ms)[0m   [0;1mSELECT * FROM "options" WHERE ("options"."article_id" IN ('yaris','aygo','three_doors','five_doors','benziner','diesel')) AND ("options".category_id = 2) [0m
Rendering workflow/index
Completed in 16ms (View: 3, DB: 1) | 200 OK [http://localhost/workflow/index]


Processing WorkflowController#index (for 127.0.0.1 at 2010-12-02 15:46:05) [GET]
  [4;35;1mOption Load (0.8ms)[0m   [0mSELECT * FROM "options" [0m
  [4;36;1mCategory Load (0.3ms)[0m   [0;1mSELECT * FROM "categories" WHERE ("categories"."workflow_id" IN ('modell')) LIMIT 1[0m
  [4;35;1mOption Load (0.3ms)[0m   [0mSELECT * FROM "options" WHERE ("options"."article_id" IN ('yaris','aygo','three_doors','five_doors','benziner','diesel')) AND ("options".category_id = 2) [0m
Rendering workflow/index
Completed in 13ms (View: 1, DB: 1) | 200 OK [http://localhost/workflow/index]


Processing WorkflowController#index (for 127.0.0.1 at 2010-12-02 15:46:09) [GET]
  [4;36;1mOption Load (0.9ms)[0m   [0;1mSELECT * FROM "options" [0m
  [4;35;1mCategory Load (0.3ms)[0m   [0mSELECT * FROM "categories" WHERE ("categories"."workflow_id" IN ('modell')) LIMIT 1[0m
  [4;36;1mOption Load (2.4ms)[0m   [0;1mSELECT * FROM "options" WHERE ("options"."article_id" IN ('yaris','aygo','three_doors','five_doors','benziner','diesel')) AND ("options".category_id = 2) [0m
Rendering workflow/index
Completed in 20ms (View: 4, DB: 4) | 200 OK [http://localhost/workflow/index]


Processing WorkflowController#index (for 127.0.0.1 at 2010-12-02 15:47:31) [GET]
  [4;35;1mOption Load (0.8ms)[0m   [0mSELECT * FROM "options" [0m
  [4;36;1mCategory Load (0.3ms)[0m   [0;1mSELECT * FROM "categories" WHERE ("categories"."workflow_id" IN ('modell')) LIMIT 1[0m
  [4;35;1mOption Load (0.4ms)[0m   [0mSELECT * FROM "options" WHERE ("options"."article_id" IN ('yaris','aygo','three_doors','five_doors','benziner','diesel')) AND ("options".category_id = 2) [0m
Rendering workflow/index
Completed in 18ms (View: 5, DB: 1) | 200 OK [http://localhost/workflow/index]


Processing WorkflowController#index (for 127.0.0.1 at 2010-12-02 15:47:51) [GET]
  [4;36;1mOption Load (0.8ms)[0m   [0;1mSELECT * FROM "options" [0m
  [4;35;1mCategory Load (0.3ms)[0m   [0mSELECT * FROM "categories" WHERE ("categories"."workflow_id" IN ('modell')) LIMIT 1[0m
  [4;36;1mOption Load (0.3ms)[0m   [0;1mSELECT * FROM "options" WHERE ("options"."article_id" IN ('yaris','aygo','three_doors','five_doors','benziner','diesel')) AND ("options".category_id = 2) [0m
Rendering workflow/index
Completed in 17ms (View: 4, DB: 1) | 200 OK [http://localhost/workflow/index]


Processing WorkflowController#index (for 127.0.0.1 at 2010-12-02 15:48:13) [GET]
  [4;35;1mOption Load (0.8ms)[0m   [0mSELECT * FROM "options" [0m
  [4;36;1mCategory Load (0.3ms)[0m   [0;1mSELECT * FROM "categories" WHERE ("categories"."workflow_id" IN ('modell')) LIMIT 1[0m
  [4;35;1mOption Load (0.3ms)[0m   [0mSELECT * FROM "options" WHERE ("options"."article_id" IN ('yaris','aygo','three_doors','five_doors','benziner','diesel')) AND ("options".category_id = 2) [0m
Rendering workflow/index
Completed in 61ms (View: 49, DB: 1) | 200 OK [http://localhost/workflow/index]


Processing WorkflowController#index (for 127.0.0.1 at 2010-12-02 15:51:15) [GET]
  [4;36;1mOption Load (0.8ms)[0m   [0;1mSELECT * FROM "options" [0m
  [4;35;1mCategory Load (0.3ms)[0m   [0mSELECT * FROM "categories" WHERE ("categories"."workflow_id" IN ('modell')) LIMIT 1[0m
  [4;36;1mOption Load (0.3ms)[0m   [0;1mSELECT * FROM "options" WHERE ("options"."article_id" IN ('yaris','aygo','three_doors','five_doors','benziner','diesel')) AND ("options".category_id = 2) [0m
Rendering workflow/index
Completed in 19ms (View: 5, DB: 1) | 200 OK [http://localhost/workflow/index]


Processing WorkflowController#index (for 127.0.0.1 at 2010-12-02 15:54:35) [GET]
  [4;35;1mOption Load (0.8ms)[0m   [0mSELECT * FROM "options" [0m
  [4;36;1mCategory Load (0.3ms)[0m   [0;1mSELECT * FROM "categories" WHERE ("categories"."workflow_id" IN ('modell')) LIMIT 1[0m
  [4;35;1mOption Load (0.3ms)[0m   [0mSELECT * FROM "options" WHERE ("options"."article_id" IN ('yaris','aygo','three_doors','five_doors','benziner','diesel')) AND ("options".category_id = 2) [0m
Rendering workflow/index
Completed in 17ms (View: 5, DB: 1) | 200 OK [http://localhost/workflow/index]


Processing WorkflowController#index (for 127.0.0.1 at 2010-12-02 16:05:07) [GET]
  [4;36;1mOption Load (0.9ms)[0m   [0;1mSELECT * FROM "options" [0m
  [4;35;1mCategory Load (0.3ms)[0m   [0mSELECT * FROM "categories" WHERE ("categories"."workflow_id" IN ('modell')) LIMIT 1[0m
  [4;36;1mOption Load (0.4ms)[0m   [0;1mSELECT * FROM "options" WHERE ("options"."article_id" IN ('yaris','aygo','three_doors','five_doors','benziner','diesel')) AND ("options".category_id = 2) [0m
Rendering workflow/index
Completed in 74ms (View: 7, DB: 2) | 200 OK [http://localhost/workflow/index]


Processing WorkflowController#choose (for 127.0.0.1 at 2010-12-02 16:05:09) [GET]
  Parameters: {"article_id"=>"yaris", "workflow_id"=>"modell"}

NameError (undefined local variable or method `article_id' for #<WorkflowController:0x7f6a2443d470>):
  app/controllers/workflow_controller.rb:19:in `choose'
  /usr/lib/ruby/1.8/action_controller/base.rb:1331:in `send'
  /usr/lib/ruby/1.8/action_controller/base.rb:1331:in `perform_action_without_filters'
  /usr/lib/ruby/1.8/action_controller/filters.rb:617:in `call_filters'
  /usr/lib/ruby/1.8/action_controller/filters.rb:610:in `perform_action_without_benchmark'
  /usr/lib/ruby/1.8/action_controller/benchmarking.rb:68:in `perform_action_without_rescue'
  /usr/lib/ruby/1.8/action_controller/benchmarking.rb:68:in `perform_action_without_rescue'
  /usr/lib/ruby/1.8/action_controller/rescue.rb:160:in `perform_action_without_flash'
  /usr/lib/ruby/1.8/action_controller/flash.rb:146:in `perform_action'
  /usr/lib/ruby/1.8/action_controller/base.rb:532:in `send'
  /usr/lib/ruby/1.8/action_controller/base.rb:532:in `process_without_filters'
  /usr/lib/ruby/1.8/action_controller/filters.rb:606:in `process'
  /usr/lib/ruby/1.8/action_controller/base.rb:391:in `process'
  /usr/lib/ruby/1.8/action_controller/base.rb:386:in `call'
  /usr/lib/ruby/1.8/action_controller/routing/route_set.rb:437:in `call'
  /usr/lib/ruby/1.8/action_controller/dispatcher.rb:87:in `dispatch'
  /usr/lib/ruby/1.8/action_controller/dispatcher.rb:121:in `_call'
  /usr/lib/ruby/1.8/action_controller/dispatcher.rb:130:in `build_middleware_stack'
  /usr/lib/ruby/1.8/active_record/query_cache.rb:29:in `call'
  /usr/lib/ruby/1.8/active_record/query_cache.rb:29:in `call'
  /usr/lib/ruby/1.8/active_record/connection_adapters/abstract/query_cache.rb:34:in `cache'
  /usr/lib/ruby/1.8/active_record/query_cache.rb:9:in `cache'
  /usr/lib/ruby/1.8/active_record/query_cache.rb:28:in `call'
  /usr/lib/ruby/1.8/active_record/connection_adapters/abstract/connection_pool.rb:361:in `call'
  /usr/lib/ruby/1.8/action_controller/string_coercion.rb:25:in `call'
  /usr/lib/ruby/1.8/rack/head.rb:9:in `call'
  /usr/lib/ruby/1.8/rack/methodoverride.rb:24:in `call'
  /usr/lib/ruby/1.8/action_controller/params_parser.rb:15:in `call'
  /usr/lib/ruby/1.8/action_controller/session/cookie_store.rb:93:in `call'
  /usr/lib/ruby/1.8/action_controller/failsafe.rb:26:in `call'
  /usr/lib/ruby/1.8/rack/lock.rb:11:in `call'
  /usr/lib/ruby/1.8/rack/lock.rb:11:in `synchronize'
  /usr/lib/ruby/1.8/rack/lock.rb:11:in `call'
  /usr/lib/ruby/1.8/action_controller/dispatcher.rb:114:in `call'
  /usr/lib/ruby/1.8/action_controller/reloader.rb:34:in `run'
  /usr/lib/ruby/1.8/action_controller/dispatcher.rb:108:in `call'
  /usr/lib/ruby/1.8/rack/urlmap.rb:47:in `call'
  /usr/lib/ruby/1.8/rack/urlmap.rb:41:in `each'
  /usr/lib/ruby/1.8/rack/urlmap.rb:41:in `call'
  /usr/lib/ruby/1.8/rack/content_length.rb:13:in `call'
  /usr/lib/ruby/1.8/rack/handler/webrick.rb:48:in `service'
  /usr/lib/ruby/1.8/webrick/httpserver.rb:104:in `service'
  /usr/lib/ruby/1.8/webrick/httpserver.rb:65:in `run'
  /usr/lib/ruby/1.8/webrick/server.rb:173:in `start_thread'
  /usr/lib/ruby/1.8/webrick/server.rb:162:in `start'
  /usr/lib/ruby/1.8/webrick/server.rb:162:in `start_thread'
  /usr/lib/ruby/1.8/webrick/server.rb:95:in `start'
  /usr/lib/ruby/1.8/webrick/server.rb:92:in `each'
  /usr/lib/ruby/1.8/webrick/server.rb:92:in `start'
  /usr/lib/ruby/1.8/webrick/server.rb:23:in `start'
  /usr/lib/ruby/1.8/webrick/server.rb:82:in `start'
  /usr/lib/ruby/1.8/rack/handler/webrick.rb:14:in `run'

Rendered rescues/_trace (17.0ms)
Rendered rescues/_request_and_response (1.1ms)
Rendering rescues/layout (internal_server_error)


Processing WorkflowController#index (for 127.0.0.1 at 2010-12-02 16:05:29) [GET]
  [4;36;1mOption Load (1.0ms)[0m   [0;1mSELECT * FROM "options" [0m
  [4;35;1mCategory Load (0.4ms)[0m   [0mSELECT * FROM "categories" WHERE ("categories"."workflow_id" IN ('modell')) LIMIT 1[0m
  [4;36;1mOption Load (0.4ms)[0m   [0;1mSELECT * FROM "options" WHERE ("options"."article_id" IN ('yaris','aygo','three_doors','five_doors','benziner','diesel')) AND ("options".category_id = 2) [0m
Rendering workflow/index
Completed in 74ms (View: 7, DB: 2) | 200 OK [http://localhost/workflow/index]


Processing WorkflowController#choose (for 127.0.0.1 at 2010-12-02 16:05:30) [GET]
  Parameters: {"article_id"=>"yaris", "workflow_id"=>"modell"}

ActionView::MissingTemplate (Missing template workflow/choose.erb in view path app/views):
  /usr/lib/ruby/1.8/action_view/paths.rb:66:in `find_template'
  /usr/lib/ruby/1.8/action_controller/base.rb:1389:in `default_template'
  /usr/lib/ruby/1.8/action_controller/base.rb:905:in `render_without_benchmark'
  /usr/lib/ruby/1.8/action_controller/benchmarking.rb:51:in `render'
  /usr/lib/ruby/1.8/action_controller/benchmarking.rb:51:in `render'
  /usr/lib/ruby/1.8/action_controller/base.rb:1326:in `default_render'
  /usr/lib/ruby/1.8/action_controller/base.rb:1332:in `perform_action_without_filters'
  /usr/lib/ruby/1.8/action_controller/filters.rb:617:in `call_filters'
  /usr/lib/ruby/1.8/action_controller/filters.rb:610:in `perform_action_without_benchmark'
  /usr/lib/ruby/1.8/action_controller/benchmarking.rb:68:in `perform_action_without_rescue'
  /usr/lib/ruby/1.8/action_controller/benchmarking.rb:68:in `perform_action_without_rescue'
  /usr/lib/ruby/1.8/action_controller/rescue.rb:160:in `perform_action_without_flash'
  /usr/lib/ruby/1.8/action_controller/flash.rb:146:in `perform_action'
  /usr/lib/ruby/1.8/action_controller/base.rb:532:in `send'
  /usr/lib/ruby/1.8/action_controller/base.rb:532:in `process_without_filters'
  /usr/lib/ruby/1.8/action_controller/filters.rb:606:in `process'
  /usr/lib/ruby/1.8/action_controller/base.rb:391:in `process'
  /usr/lib/ruby/1.8/action_controller/base.rb:386:in `call'
  /usr/lib/ruby/1.8/action_controller/routing/route_set.rb:437:in `call'
  /usr/lib/ruby/1.8/action_controller/dispatcher.rb:87:in `dispatch'
  /usr/lib/ruby/1.8/action_controller/dispatcher.rb:121:in `_call'
  /usr/lib/ruby/1.8/action_controller/dispatcher.rb:130:in `build_middleware_stack'
  /usr/lib/ruby/1.8/active_record/query_cache.rb:29:in `call'
  /usr/lib/ruby/1.8/active_record/query_cache.rb:29:in `call'
  /usr/lib/ruby/1.8/active_record/connection_adapters/abstract/query_cache.rb:34:in `cache'
  /usr/lib/ruby/1.8/active_record/query_cache.rb:9:in `cache'
  /usr/lib/ruby/1.8/active_record/query_cache.rb:28:in `call'
  /usr/lib/ruby/1.8/active_record/connection_adapters/abstract/connection_pool.rb:361:in `call'
  /usr/lib/ruby/1.8/action_controller/string_coercion.rb:25:in `call'
  /usr/lib/ruby/1.8/rack/head.rb:9:in `call'
  /usr/lib/ruby/1.8/rack/methodoverride.rb:24:in `call'
  /usr/lib/ruby/1.8/action_controller/params_parser.rb:15:in `call'
  /usr/lib/ruby/1.8/action_controller/session/cookie_store.rb:93:in `call'
  /usr/lib/ruby/1.8/action_controller/failsafe.rb:26:in `call'
  /usr/lib/ruby/1.8/rack/lock.rb:11:in `call'
  /usr/lib/ruby/1.8/rack/lock.rb:11:in `synchronize'
  /usr/lib/ruby/1.8/rack/lock.rb:11:in `call'
  /usr/lib/ruby/1.8/action_controller/dispatcher.rb:114:in `call'
  /usr/lib/ruby/1.8/action_controller/reloader.rb:34:in `run'
  /usr/lib/ruby/1.8/action_controller/dispatcher.rb:108:in `call'
  /usr/lib/ruby/1.8/rack/urlmap.rb:47:in `call'
  /usr/lib/ruby/1.8/rack/urlmap.rb:41:in `each'
  /usr/lib/ruby/1.8/rack/urlmap.rb:41:in `call'
  /usr/lib/ruby/1.8/rack/content_length.rb:13:in `call'
  /usr/lib/ruby/1.8/rack/handler/webrick.rb:48:in `service'
  /usr/lib/ruby/1.8/webrick/httpserver.rb:104:in `service'
  /usr/lib/ruby/1.8/webrick/httpserver.rb:65:in `run'
  /usr/lib/ruby/1.8/webrick/server.rb:173:in `start_thread'
  /usr/lib/ruby/1.8/webrick/server.rb:162:in `start'
  /usr/lib/ruby/1.8/webrick/server.rb:162:in `start_thread'
  /usr/lib/ruby/1.8/webrick/server.rb:95:in `start'
  /usr/lib/ruby/1.8/webrick/server.rb:92:in `each'
  /usr/lib/ruby/1.8/webrick/server.rb:92:in `start'
  /usr/lib/ruby/1.8/webrick/server.rb:23:in `start'
  /usr/lib/ruby/1.8/webrick/server.rb:82:in `start'
  /usr/lib/ruby/1.8/rack/handler/webrick.rb:14:in `run'

Rendering rescues/layout (internal_server_error)
